{"C:\\Users\\Lilly\\Documents\\GitHub\\API-MINAOSystems\\course_service\\database\\dao\\contentDAO.js": {"path":"C:\\Users\\Lilly\\Documents\\GitHub\\API-MINAOSystems\\course_service\\database\\dao\\contentDAO.js","statementMap":{"0":{"start":{"line":1,"column":19},"end":{"line":1,"column":38}},"1":{"start":{"line":3,"column":22},"end":{"line":23,"column":1}},"2":{"start":{"line":4,"column":25},"end":{"line":4,"column":57}},"3":{"start":{"line":5,"column":4},"end":{"line":22,"column":5}},"4":{"start":{"line":6,"column":8},"end":{"line":6,"column":46}},"5":{"start":{"line":7,"column":32},"end":{"line":10,"column":9}},"6":{"start":{"line":12,"column":26},"end":{"line":12,"column":48}},"7":{"start":{"line":14,"column":8},"end":{"line":14,"column":36}},"8":{"start":{"line":15,"column":8},"end":{"line":15,"column":44}},"9":{"start":{"line":17,"column":8},"end":{"line":17,"column":38}},"10":{"start":{"line":18,"column":8},"end":{"line":18,"column":56}},"11":{"start":{"line":19,"column":8},"end":{"line":19,"column":20}},"12":{"start":{"line":21,"column":8},"end":{"line":21,"column":31}},"13":{"start":{"line":25,"column":29},"end":{"line":61,"column":1}},"14":{"start":{"line":26,"column":25},"end":{"line":26,"column":57}},"15":{"start":{"line":27,"column":4},"end":{"line":60,"column":5}},"16":{"start":{"line":28,"column":45},"end":{"line":28,"column":52}},"17":{"start":{"line":29,"column":23},"end":{"line":29,"column":25}},"18":{"start":{"line":30,"column":23},"end":{"line":30,"column":25}},"19":{"start":{"line":32,"column":8},"end":{"line":35,"column":9}},"20":{"start":{"line":33,"column":12},"end":{"line":33,"column":37}},"21":{"start":{"line":34,"column":12},"end":{"line":34,"column":31}},"22":{"start":{"line":36,"column":8},"end":{"line":39,"column":9}},"23":{"start":{"line":37,"column":12},"end":{"line":37,"column":36}},"24":{"start":{"line":38,"column":12},"end":{"line":38,"column":30}},"25":{"start":{"line":40,"column":8},"end":{"line":43,"column":9}},"26":{"start":{"line":41,"column":12},"end":{"line":41,"column":43}},"27":{"start":{"line":42,"column":12},"end":{"line":42,"column":37}},"28":{"start":{"line":45,"column":8},"end":{"line":47,"column":9}},"29":{"start":{"line":46,"column":12},"end":{"line":46,"column":51}},"30":{"start":{"line":49,"column":8},"end":{"line":49,"column":31}},"31":{"start":{"line":51,"column":22},"end":{"line":51,"column":83}},"32":{"start":{"line":52,"column":25},"end":{"line":52,"column":66}},"33":{"start":{"line":54,"column":8},"end":{"line":54,"column":22}},"34":{"start":{"line":56,"column":8},"end":{"line":56,"column":64}},"35":{"start":{"line":57,"column":8},"end":{"line":57,"column":20}},"36":{"start":{"line":59,"column":6},"end":{"line":59,"column":29}},"37":{"start":{"line":63,"column":26},"end":{"line":71,"column":1}},"38":{"start":{"line":64,"column":25},"end":{"line":64,"column":57}},"39":{"start":{"line":65,"column":21},"end":{"line":68,"column":5}},"40":{"start":{"line":69,"column":4},"end":{"line":69,"column":27}},"41":{"start":{"line":70,"column":4},"end":{"line":70,"column":18}},"42":{"start":{"line":73,"column":28},"end":{"line":81,"column":1}},"43":{"start":{"line":74,"column":25},"end":{"line":74,"column":57}},"44":{"start":{"line":75,"column":19},"end":{"line":78,"column":5}},"45":{"start":{"line":79,"column":4},"end":{"line":79,"column":27}},"46":{"start":{"line":80,"column":4},"end":{"line":80,"column":16}},"47":{"start":{"line":83,"column":26},"end":{"line":104,"column":1}},"48":{"start":{"line":84,"column":25},"end":{"line":84,"column":57}},"49":{"start":{"line":86,"column":4},"end":{"line":103,"column":5}},"50":{"start":{"line":87,"column":27},"end":{"line":94,"column":9}},"51":{"start":{"line":96,"column":8},"end":{"line":96,"column":24}},"52":{"start":{"line":99,"column":8},"end":{"line":99,"column":65}},"53":{"start":{"line":100,"column":8},"end":{"line":100,"column":20}},"54":{"start":{"line":102,"column":8},"end":{"line":102,"column":31}},"55":{"start":{"line":106,"column":25},"end":{"line":137,"column":1}},"56":{"start":{"line":107,"column":25},"end":{"line":107,"column":57}},"57":{"start":{"line":109,"column":4},"end":{"line":136,"column":5}},"58":{"start":{"line":110,"column":27},"end":{"line":118,"column":9}},"59":{"start":{"line":120,"column":24},"end":{"line":127,"column":11}},"60":{"start":{"line":120,"column":49},"end":{"line":127,"column":9}},"61":{"start":{"line":129,"column":8},"end":{"line":129,"column":23}},"62":{"start":{"line":132,"column":8},"end":{"line":132,"column":64}},"63":{"start":{"line":133,"column":8},"end":{"line":133,"column":20}},"64":{"start":{"line":135,"column":8},"end":{"line":135,"column":31}},"65":{"start":{"line":140,"column":0},"end":{"line":141,"column":41}}},"fnMap":{"0":{"name":"(anonymous_0)","decl":{"start":{"line":3,"column":22},"end":{"line":3,"column":23}},"loc":{"start":{"line":3,"column":41},"end":{"line":23,"column":1}},"line":3},"1":{"name":"(anonymous_1)","decl":{"start":{"line":25,"column":29},"end":{"line":25,"column":30}},"loc":{"start":{"line":25,"column":59},"end":{"line":61,"column":1}},"line":25},"2":{"name":"(anonymous_2)","decl":{"start":{"line":63,"column":26},"end":{"line":63,"column":27}},"loc":{"start":{"line":63,"column":47},"end":{"line":71,"column":1}},"line":63},"3":{"name":"(anonymous_3)","decl":{"start":{"line":73,"column":28},"end":{"line":73,"column":29}},"loc":{"start":{"line":73,"column":47},"end":{"line":81,"column":1}},"line":73},"4":{"name":"(anonymous_4)","decl":{"start":{"line":83,"column":26},"end":{"line":83,"column":27}},"loc":{"start":{"line":83,"column":43},"end":{"line":104,"column":1}},"line":83},"5":{"name":"(anonymous_5)","decl":{"start":{"line":106,"column":25},"end":{"line":106,"column":26}},"loc":{"start":{"line":106,"column":55},"end":{"line":137,"column":1}},"line":106},"6":{"name":"(anonymous_6)","decl":{"start":{"line":120,"column":37},"end":{"line":120,"column":38}},"loc":{"start":{"line":120,"column":49},"end":{"line":127,"column":9}},"line":120}},"branchMap":{"0":{"loc":{"start":{"line":32,"column":8},"end":{"line":35,"column":9}},"type":"if","locations":[{"start":{"line":32,"column":8},"end":{"line":35,"column":9}},{"start":{},"end":{}}],"line":32},"1":{"loc":{"start":{"line":36,"column":8},"end":{"line":39,"column":9}},"type":"if","locations":[{"start":{"line":36,"column":8},"end":{"line":39,"column":9}},{"start":{},"end":{}}],"line":36},"2":{"loc":{"start":{"line":40,"column":8},"end":{"line":43,"column":9}},"type":"if","locations":[{"start":{"line":40,"column":8},"end":{"line":43,"column":9}},{"start":{},"end":{}}],"line":40},"3":{"loc":{"start":{"line":45,"column":8},"end":{"line":47,"column":9}},"type":"if","locations":[{"start":{"line":45,"column":8},"end":{"line":47,"column":9}},{"start":{},"end":{}}],"line":45},"4":{"loc":{"start":{"line":126,"column":18},"end":{"line":126,"column":89}},"type":"cond-expr","locations":[{"start":{"line":126,"column":35},"end":{"line":126,"column":82}},{"start":{"line":126,"column":85},"end":{"line":126,"column":89}}],"line":126}},"s":{"0":1,"1":1,"2":1,"3":1,"4":1,"5":1,"6":1,"7":1,"8":1,"9":0,"10":0,"11":0,"12":1,"13":1,"14":1,"15":1,"16":1,"17":1,"18":1,"19":1,"20":0,"21":0,"22":1,"23":0,"24":0,"25":1,"26":0,"27":0,"28":1,"29":1,"30":0,"31":0,"32":0,"33":0,"34":1,"35":1,"36":1,"37":1,"38":1,"39":1,"40":1,"41":1,"42":1,"43":1,"44":1,"45":1,"46":1,"47":1,"48":0,"49":0,"50":0,"51":0,"52":0,"53":0,"54":0,"55":1,"56":0,"57":0,"58":0,"59":0,"60":0,"61":0,"62":0,"63":0,"64":0,"65":1},"f":{"0":1,"1":1,"2":1,"3":1,"4":0,"5":0,"6":0},"b":{"0":[0,1],"1":[0,1],"2":[0,1],"3":[1,0],"4":[0,0]},"_coverageSchema":"1a1c01bbd47fc00a2c39e90264f33305004495a9","hash":"9d8c8cb50c695e7d55ca20aaf2a0e5dd6b216f5d"}
,"C:\\Users\\Lilly\\Documents\\GitHub\\API-MINAOSystems\\course_service\\database\\dao\\courseDAO.js": {"path":"C:\\Users\\Lilly\\Documents\\GitHub\\API-MINAOSystems\\course_service\\database\\dao\\courseDAO.js","statementMap":{"0":{"start":{"line":1,"column":19},"end":{"line":1,"column":37}},"1":{"start":{"line":2,"column":20},"end":{"line":2,"column":42}},"2":{"start":{"line":4,"column":21},"end":{"line":7,"column":1}},"3":{"start":{"line":5,"column":12},"end":{"line":5,"column":27}},"4":{"start":{"line":6,"column":2},"end":{"line":6,"column":36}},"5":{"start":{"line":10,"column":21},"end":{"line":38,"column":1}},"6":{"start":{"line":11,"column":13},"end":{"line":11,"column":45}},"7":{"start":{"line":12,"column":2},"end":{"line":37,"column":3}},"8":{"start":{"line":13,"column":4},"end":{"line":13,"column":32}},"9":{"start":{"line":15,"column":21},"end":{"line":27,"column":5}},"10":{"start":{"line":29,"column":4},"end":{"line":29,"column":22}},"11":{"start":{"line":30,"column":4},"end":{"line":30,"column":55}},"12":{"start":{"line":32,"column":4},"end":{"line":32,"column":24}},"13":{"start":{"line":33,"column":4},"end":{"line":33,"column":48}},"14":{"start":{"line":34,"column":4},"end":{"line":34,"column":16}},"15":{"start":{"line":36,"column":4},"end":{"line":36,"column":17}},"16":{"start":{"line":41,"column":22},"end":{"line":53,"column":1}},"17":{"start":{"line":42,"column":13},"end":{"line":42,"column":45}},"18":{"start":{"line":43,"column":2},"end":{"line":52,"column":3}},"19":{"start":{"line":44,"column":19},"end":{"line":48,"column":5}},"20":{"start":{"line":49,"column":4},"end":{"line":49,"column":27}},"21":{"start":{"line":51,"column":4},"end":{"line":51,"column":17}},"22":{"start":{"line":56,"column":34},"end":{"line":68,"column":1}},"23":{"start":{"line":57,"column":13},"end":{"line":57,"column":45}},"24":{"start":{"line":58,"column":2},"end":{"line":67,"column":3}},"25":{"start":{"line":59,"column":19},"end":{"line":63,"column":5}},"26":{"start":{"line":64,"column":4},"end":{"line":64,"column":16}},"27":{"start":{"line":66,"column":4},"end":{"line":66,"column":17}},"28":{"start":{"line":71,"column":22},"end":{"line":92,"column":1}},"29":{"start":{"line":72,"column":25},"end":{"line":72,"column":57}},"30":{"start":{"line":73,"column":4},"end":{"line":91,"column":5}},"31":{"start":{"line":74,"column":23},"end":{"line":85,"column":9}},"32":{"start":{"line":87,"column":8},"end":{"line":87,"column":20}},"33":{"start":{"line":90,"column":8},"end":{"line":90,"column":31}},"34":{"start":{"line":98,"column":28},"end":{"line":151,"column":1}},"35":{"start":{"line":99,"column":13},"end":{"line":99,"column":45}},"36":{"start":{"line":100,"column":2},"end":{"line":150,"column":3}},"37":{"start":{"line":101,"column":19},"end":{"line":101,"column":47}},"38":{"start":{"line":102,"column":4},"end":{"line":102,"column":41}},"39":{"start":{"line":102,"column":17},"end":{"line":102,"column":41}},"40":{"start":{"line":104,"column":53},"end":{"line":104,"column":60}},"41":{"start":{"line":106,"column":19},"end":{"line":106,"column":21}},"42":{"start":{"line":107,"column":19},"end":{"line":107,"column":21}},"43":{"start":{"line":109,"column":4},"end":{"line":112,"column":5}},"44":{"start":{"line":110,"column":6},"end":{"line":110,"column":30}},"45":{"start":{"line":111,"column":6},"end":{"line":111,"column":24}},"46":{"start":{"line":113,"column":4},"end":{"line":116,"column":5}},"47":{"start":{"line":114,"column":6},"end":{"line":114,"column":37}},"48":{"start":{"line":115,"column":6},"end":{"line":115,"column":31}},"49":{"start":{"line":117,"column":4},"end":{"line":120,"column":5}},"50":{"start":{"line":118,"column":6},"end":{"line":118,"column":34}},"51":{"start":{"line":119,"column":6},"end":{"line":119,"column":28}},"52":{"start":{"line":121,"column":4},"end":{"line":124,"column":5}},"53":{"start":{"line":122,"column":6},"end":{"line":122,"column":33}},"54":{"start":{"line":123,"column":6},"end":{"line":123,"column":27}},"55":{"start":{"line":126,"column":4},"end":{"line":128,"column":5}},"56":{"start":{"line":127,"column":6},"end":{"line":127,"column":85}},"57":{"start":{"line":130,"column":4},"end":{"line":130,"column":25}},"58":{"start":{"line":131,"column":18},"end":{"line":131,"column":75}},"59":{"start":{"line":133,"column":21},"end":{"line":133,"column":52}},"60":{"start":{"line":135,"column":20},"end":{"line":135,"column":48}},"61":{"start":{"line":137,"column":4},"end":{"line":144,"column":6}},"62":{"start":{"line":143,"column":39},"end":{"line":143,"column":56}},"63":{"start":{"line":146,"column":4},"end":{"line":146,"column":55}},"64":{"start":{"line":147,"column":4},"end":{"line":147,"column":16}},"65":{"start":{"line":149,"column":4},"end":{"line":149,"column":17}},"66":{"start":{"line":154,"column":26},"end":{"line":183,"column":1}},"67":{"start":{"line":155,"column":13},"end":{"line":155,"column":45}},"68":{"start":{"line":156,"column":2},"end":{"line":182,"column":3}},"69":{"start":{"line":157,"column":19},"end":{"line":157,"column":47}},"70":{"start":{"line":158,"column":4},"end":{"line":158,"column":41}},"71":{"start":{"line":158,"column":17},"end":{"line":158,"column":41}},"72":{"start":{"line":160,"column":4},"end":{"line":162,"column":5}},"73":{"start":{"line":161,"column":6},"end":{"line":161,"column":99}},"74":{"start":{"line":164,"column":4},"end":{"line":166,"column":5}},"75":{"start":{"line":165,"column":6},"end":{"line":165,"column":96}},"76":{"start":{"line":168,"column":21},"end":{"line":171,"column":5}},"77":{"start":{"line":173,"column":4},"end":{"line":179,"column":6}},"78":{"start":{"line":181,"column":4},"end":{"line":181,"column":17}},"79":{"start":{"line":186,"column":28},"end":{"line":200,"column":1}},"80":{"start":{"line":187,"column":13},"end":{"line":187,"column":45}},"81":{"start":{"line":188,"column":2},"end":{"line":199,"column":3}},"82":{"start":{"line":189,"column":19},"end":{"line":195,"column":5}},"83":{"start":{"line":196,"column":4},"end":{"line":196,"column":16}},"84":{"start":{"line":198,"column":4},"end":{"line":198,"column":17}},"85":{"start":{"line":203,"column":25},"end":{"line":215,"column":1}},"86":{"start":{"line":204,"column":13},"end":{"line":204,"column":45}},"87":{"start":{"line":205,"column":2},"end":{"line":214,"column":3}},"88":{"start":{"line":206,"column":19},"end":{"line":210,"column":5}},"89":{"start":{"line":211,"column":4},"end":{"line":211,"column":16}},"90":{"start":{"line":213,"column":4},"end":{"line":213,"column":17}},"91":{"start":{"line":217,"column":29},"end":{"line":229,"column":1}},"92":{"start":{"line":218,"column":13},"end":{"line":218,"column":45}},"93":{"start":{"line":219,"column":2},"end":{"line":228,"column":3}},"94":{"start":{"line":220,"column":19},"end":{"line":224,"column":5}},"95":{"start":{"line":225,"column":4},"end":{"line":225,"column":16}},"96":{"start":{"line":227,"column":4},"end":{"line":227,"column":17}},"97":{"start":{"line":231,"column":26},"end":{"line":251,"column":1}},"98":{"start":{"line":232,"column":13},"end":{"line":232,"column":45}},"99":{"start":{"line":233,"column":2},"end":{"line":250,"column":3}},"100":{"start":{"line":234,"column":14},"end":{"line":234,"column":32}},"101":{"start":{"line":235,"column":14},"end":{"line":235,"column":33}},"102":{"start":{"line":237,"column":4},"end":{"line":239,"column":5}},"103":{"start":{"line":238,"column":6},"end":{"line":238,"column":58}},"104":{"start":{"line":241,"column":19},"end":{"line":245,"column":5}},"105":{"start":{"line":247,"column":4},"end":{"line":247,"column":20}},"106":{"start":{"line":249,"column":4},"end":{"line":249,"column":17}},"107":{"start":{"line":253,"column":26},"end":{"line":270,"column":1}},"108":{"start":{"line":254,"column":13},"end":{"line":254,"column":45}},"109":{"start":{"line":255,"column":2},"end":{"line":269,"column":3}},"110":{"start":{"line":256,"column":4},"end":{"line":258,"column":5}},"111":{"start":{"line":257,"column":6},"end":{"line":257,"column":50}},"112":{"start":{"line":260,"column":19},"end":{"line":264,"column":5}},"113":{"start":{"line":266,"column":4},"end":{"line":266,"column":20}},"114":{"start":{"line":268,"column":4},"end":{"line":268,"column":17}},"115":{"start":{"line":273,"column":19},"end":{"line":310,"column":1}},"116":{"start":{"line":274,"column":13},"end":{"line":274,"column":45}},"117":{"start":{"line":275,"column":2},"end":{"line":309,"column":3}},"118":{"start":{"line":276,"column":4},"end":{"line":276,"column":32}},"119":{"start":{"line":278,"column":19},"end":{"line":278,"column":47}},"120":{"start":{"line":279,"column":4},"end":{"line":279,"column":72}},"121":{"start":{"line":279,"column":17},"end":{"line":279,"column":72}},"122":{"start":{"line":280,"column":4},"end":{"line":280,"column":92}},"123":{"start":{"line":280,"column":35},"end":{"line":280,"column":92}},"124":{"start":{"line":282,"column":21},"end":{"line":285,"column":5}},"125":{"start":{"line":287,"column":4},"end":{"line":289,"column":5}},"126":{"start":{"line":288,"column":6},"end":{"line":288,"column":69}},"127":{"start":{"line":291,"column":21},"end":{"line":294,"column":5}},"128":{"start":{"line":296,"column":4},"end":{"line":296,"column":22}},"129":{"start":{"line":298,"column":4},"end":{"line":302,"column":6}},"130":{"start":{"line":304,"column":4},"end":{"line":304,"column":24}},"131":{"start":{"line":305,"column":4},"end":{"line":305,"column":46}},"132":{"start":{"line":306,"column":4},"end":{"line":306,"column":16}},"133":{"start":{"line":308,"column":4},"end":{"line":308,"column":17}},"134":{"start":{"line":313,"column":32},"end":{"line":338,"column":1}},"135":{"start":{"line":314,"column":13},"end":{"line":314,"column":45}},"136":{"start":{"line":315,"column":2},"end":{"line":337,"column":3}},"137":{"start":{"line":316,"column":21},"end":{"line":319,"column":5}},"138":{"start":{"line":321,"column":4},"end":{"line":323,"column":5}},"139":{"start":{"line":322,"column":6},"end":{"line":322,"column":63}},"140":{"start":{"line":325,"column":21},"end":{"line":328,"column":5}},"141":{"start":{"line":330,"column":4},"end":{"line":334,"column":6}},"142":{"start":{"line":336,"column":4},"end":{"line":336,"column":17}},"143":{"start":{"line":341,"column":26},"end":{"line":352,"column":1}},"144":{"start":{"line":342,"column":13},"end":{"line":342,"column":45}},"145":{"start":{"line":343,"column":2},"end":{"line":351,"column":3}},"146":{"start":{"line":344,"column":19},"end":{"line":347,"column":5}},"147":{"start":{"line":348,"column":4},"end":{"line":348,"column":27}},"148":{"start":{"line":350,"column":4},"end":{"line":350,"column":17}},"149":{"start":{"line":354,"column":29},"end":{"line":385,"column":1}},"150":{"start":{"line":355,"column":13},"end":{"line":355,"column":45}},"151":{"start":{"line":356,"column":2},"end":{"line":384,"column":3}},"152":{"start":{"line":357,"column":19},"end":{"line":357,"column":47}},"153":{"start":{"line":359,"column":4},"end":{"line":361,"column":5}},"154":{"start":{"line":360,"column":6},"end":{"line":360,"column":67}},"155":{"start":{"line":363,"column":4},"end":{"line":370,"column":5}},"156":{"start":{"line":364,"column":6},"end":{"line":369,"column":8}},"157":{"start":{"line":372,"column":21},"end":{"line":375,"column":5}},"158":{"start":{"line":377,"column":4},"end":{"line":381,"column":6}},"159":{"start":{"line":383,"column":4},"end":{"line":383,"column":17}},"160":{"start":{"line":388,"column":31},"end":{"line":400,"column":1}},"161":{"start":{"line":389,"column":13},"end":{"line":389,"column":45}},"162":{"start":{"line":390,"column":2},"end":{"line":399,"column":3}},"163":{"start":{"line":391,"column":19},"end":{"line":395,"column":5}},"164":{"start":{"line":396,"column":4},"end":{"line":396,"column":27}},"165":{"start":{"line":398,"column":4},"end":{"line":398,"column":17}},"166":{"start":{"line":403,"column":0},"end":{"line":420,"column":2}}},"fnMap":{"0":{"name":"(anonymous_0)","decl":{"start":{"line":4,"column":21},"end":{"line":4,"column":22}},"loc":{"start":{"line":4,"column":28},"end":{"line":7,"column":1}},"line":4},"1":{"name":"(anonymous_1)","decl":{"start":{"line":10,"column":21},"end":{"line":10,"column":22}},"loc":{"start":{"line":10,"column":39},"end":{"line":38,"column":1}},"line":10},"2":{"name":"(anonymous_2)","decl":{"start":{"line":41,"column":22},"end":{"line":41,"column":23}},"loc":{"start":{"line":41,"column":41},"end":{"line":53,"column":1}},"line":41},"3":{"name":"(anonymous_3)","decl":{"start":{"line":56,"column":34},"end":{"line":56,"column":35}},"loc":{"start":{"line":56,"column":62},"end":{"line":68,"column":1}},"line":56},"4":{"name":"(anonymous_4)","decl":{"start":{"line":71,"column":22},"end":{"line":71,"column":23}},"loc":{"start":{"line":71,"column":34},"end":{"line":92,"column":1}},"line":71},"5":{"name":"(anonymous_5)","decl":{"start":{"line":98,"column":28},"end":{"line":98,"column":29}},"loc":{"start":{"line":98,"column":56},"end":{"line":151,"column":1}},"line":98},"6":{"name":"(anonymous_6)","decl":{"start":{"line":143,"column":32},"end":{"line":143,"column":33}},"loc":{"start":{"line":143,"column":39},"end":{"line":143,"column":56}},"line":143},"7":{"name":"(anonymous_7)","decl":{"start":{"line":154,"column":26},"end":{"line":154,"column":27}},"loc":{"start":{"line":154,"column":55},"end":{"line":183,"column":1}},"line":154},"8":{"name":"(anonymous_8)","decl":{"start":{"line":186,"column":28},"end":{"line":186,"column":29}},"loc":{"start":{"line":186,"column":53},"end":{"line":200,"column":1}},"line":186},"9":{"name":"(anonymous_9)","decl":{"start":{"line":203,"column":25},"end":{"line":203,"column":26}},"loc":{"start":{"line":203,"column":41},"end":{"line":215,"column":1}},"line":203},"10":{"name":"(anonymous_10)","decl":{"start":{"line":217,"column":29},"end":{"line":217,"column":30}},"loc":{"start":{"line":217,"column":49},"end":{"line":229,"column":1}},"line":217},"11":{"name":"(anonymous_11)","decl":{"start":{"line":231,"column":26},"end":{"line":231,"column":27}},"loc":{"start":{"line":231,"column":49},"end":{"line":251,"column":1}},"line":231},"12":{"name":"(anonymous_12)","decl":{"start":{"line":253,"column":26},"end":{"line":253,"column":27}},"loc":{"start":{"line":253,"column":43},"end":{"line":270,"column":1}},"line":253},"13":{"name":"(anonymous_13)","decl":{"start":{"line":273,"column":19},"end":{"line":273,"column":20}},"loc":{"start":{"line":273,"column":53},"end":{"line":310,"column":1}},"line":273},"14":{"name":"(anonymous_14)","decl":{"start":{"line":313,"column":32},"end":{"line":313,"column":33}},"loc":{"start":{"line":313,"column":66},"end":{"line":338,"column":1}},"line":313},"15":{"name":"(anonymous_15)","decl":{"start":{"line":341,"column":26},"end":{"line":341,"column":27}},"loc":{"start":{"line":341,"column":45},"end":{"line":352,"column":1}},"line":341},"16":{"name":"(anonymous_16)","decl":{"start":{"line":354,"column":29},"end":{"line":354,"column":30}},"loc":{"start":{"line":354,"column":61},"end":{"line":385,"column":1}},"line":354},"17":{"name":"(anonymous_17)","decl":{"start":{"line":388,"column":31},"end":{"line":388,"column":32}},"loc":{"start":{"line":388,"column":51},"end":{"line":400,"column":1}},"line":388}},"branchMap":{"0":{"loc":{"start":{"line":6,"column":9},"end":{"line":6,"column":35}},"type":"cond-expr","locations":[{"start":{"line":6,"column":27},"end":{"line":6,"column":31}},{"start":{"line":6,"column":34},"end":{"line":6,"column":35}}],"line":6},"1":{"loc":{"start":{"line":20,"column":8},"end":{"line":20,"column":34}},"type":"binary-expr","locations":[{"start":{"line":20,"column":8},"end":{"line":20,"column":26}},{"start":{"line":20,"column":30},"end":{"line":20,"column":34}}],"line":20},"2":{"loc":{"start":{"line":21,"column":8},"end":{"line":21,"column":31}},"type":"binary-expr","locations":[{"start":{"line":21,"column":8},"end":{"line":21,"column":23}},{"start":{"line":21,"column":27},"end":{"line":21,"column":31}}],"line":21},"3":{"loc":{"start":{"line":22,"column":8},"end":{"line":22,"column":32}},"type":"binary-expr","locations":[{"start":{"line":22,"column":8},"end":{"line":22,"column":24}},{"start":{"line":22,"column":28},"end":{"line":22,"column":32}}],"line":22},"4":{"loc":{"start":{"line":23,"column":8},"end":{"line":23,"column":30}},"type":"binary-expr","locations":[{"start":{"line":23,"column":8},"end":{"line":23,"column":22}},{"start":{"line":23,"column":26},"end":{"line":23,"column":30}}],"line":23},"5":{"loc":{"start":{"line":24,"column":8},"end":{"line":24,"column":68}},"type":"cond-expr","locations":[{"start":{"line":24,"column":45},"end":{"line":24,"column":57}},{"start":{"line":24,"column":60},"end":{"line":24,"column":68}}],"line":24},"6":{"loc":{"start":{"line":49,"column":11},"end":{"line":49,"column":26}},"type":"binary-expr","locations":[{"start":{"line":49,"column":11},"end":{"line":49,"column":18}},{"start":{"line":49,"column":22},"end":{"line":49,"column":26}}],"line":49},"7":{"loc":{"start":{"line":102,"column":4},"end":{"line":102,"column":41}},"type":"if","locations":[{"start":{"line":102,"column":4},"end":{"line":102,"column":41}},{"start":{},"end":{}}],"line":102},"8":{"loc":{"start":{"line":109,"column":4},"end":{"line":112,"column":5}},"type":"if","locations":[{"start":{"line":109,"column":4},"end":{"line":112,"column":5}},{"start":{},"end":{}}],"line":109},"9":{"loc":{"start":{"line":109,"column":8},"end":{"line":109,"column":36}},"type":"binary-expr","locations":[{"start":{"line":109,"column":8},"end":{"line":109,"column":12}},{"start":{"line":109,"column":16},"end":{"line":109,"column":36}}],"line":109},"10":{"loc":{"start":{"line":113,"column":4},"end":{"line":116,"column":5}},"type":"if","locations":[{"start":{"line":113,"column":4},"end":{"line":116,"column":5}},{"start":{},"end":{}}],"line":113},"11":{"loc":{"start":{"line":113,"column":8},"end":{"line":113,"column":57}},"type":"binary-expr","locations":[{"start":{"line":113,"column":8},"end":{"line":113,"column":19}},{"start":{"line":113,"column":23},"end":{"line":113,"column":57}}],"line":113},"12":{"loc":{"start":{"line":117,"column":4},"end":{"line":120,"column":5}},"type":"if","locations":[{"start":{"line":117,"column":4},"end":{"line":120,"column":5}},{"start":{},"end":{}}],"line":117},"13":{"loc":{"start":{"line":117,"column":8},"end":{"line":117,"column":48}},"type":"binary-expr","locations":[{"start":{"line":117,"column":8},"end":{"line":117,"column":16}},{"start":{"line":117,"column":20},"end":{"line":117,"column":48}}],"line":117},"14":{"loc":{"start":{"line":121,"column":4},"end":{"line":124,"column":5}},"type":"if","locations":[{"start":{"line":121,"column":4},"end":{"line":124,"column":5}},{"start":{},"end":{}}],"line":121},"15":{"loc":{"start":{"line":121,"column":8},"end":{"line":121,"column":45}},"type":"binary-expr","locations":[{"start":{"line":121,"column":8},"end":{"line":121,"column":15}},{"start":{"line":121,"column":19},"end":{"line":121,"column":45}}],"line":121},"16":{"loc":{"start":{"line":126,"column":4},"end":{"line":128,"column":5}},"type":"if","locations":[{"start":{"line":126,"column":4},"end":{"line":128,"column":5}},{"start":{},"end":{}}],"line":126},"17":{"loc":{"start":{"line":158,"column":4},"end":{"line":158,"column":41}},"type":"if","locations":[{"start":{"line":158,"column":4},"end":{"line":158,"column":41}},{"start":{},"end":{}}],"line":158},"18":{"loc":{"start":{"line":160,"column":4},"end":{"line":162,"column":5}},"type":"if","locations":[{"start":{"line":160,"column":4},"end":{"line":162,"column":5}},{"start":{},"end":{}}],"line":160},"19":{"loc":{"start":{"line":164,"column":4},"end":{"line":166,"column":5}},"type":"if","locations":[{"start":{"line":164,"column":4},"end":{"line":166,"column":5}},{"start":{},"end":{}}],"line":164},"20":{"loc":{"start":{"line":237,"column":4},"end":{"line":239,"column":5}},"type":"if","locations":[{"start":{"line":237,"column":4},"end":{"line":239,"column":5}},{"start":{},"end":{}}],"line":237},"21":{"loc":{"start":{"line":237,"column":8},"end":{"line":237,"column":35}},"type":"binary-expr","locations":[{"start":{"line":237,"column":8},"end":{"line":237,"column":10}},{"start":{"line":237,"column":14},"end":{"line":237,"column":16}},{"start":{"line":237,"column":20},"end":{"line":237,"column":25}},{"start":{"line":237,"column":29},"end":{"line":237,"column":35}}],"line":237},"22":{"loc":{"start":{"line":256,"column":4},"end":{"line":258,"column":5}},"type":"if","locations":[{"start":{"line":256,"column":4},"end":{"line":258,"column":5}},{"start":{},"end":{}}],"line":256},"23":{"loc":{"start":{"line":279,"column":4},"end":{"line":279,"column":72}},"type":"if","locations":[{"start":{"line":279,"column":4},"end":{"line":279,"column":72}},{"start":{},"end":{}}],"line":279},"24":{"loc":{"start":{"line":280,"column":4},"end":{"line":280,"column":92}},"type":"if","locations":[{"start":{"line":280,"column":4},"end":{"line":280,"column":92}},{"start":{},"end":{}}],"line":280},"25":{"loc":{"start":{"line":287,"column":4},"end":{"line":289,"column":5}},"type":"if","locations":[{"start":{"line":287,"column":4},"end":{"line":289,"column":5}},{"start":{},"end":{}}],"line":287},"26":{"loc":{"start":{"line":321,"column":4},"end":{"line":323,"column":5}},"type":"if","locations":[{"start":{"line":321,"column":4},"end":{"line":323,"column":5}},{"start":{},"end":{}}],"line":321},"27":{"loc":{"start":{"line":348,"column":11},"end":{"line":348,"column":26}},"type":"binary-expr","locations":[{"start":{"line":348,"column":11},"end":{"line":348,"column":18}},{"start":{"line":348,"column":22},"end":{"line":348,"column":26}}],"line":348},"28":{"loc":{"start":{"line":359,"column":4},"end":{"line":361,"column":5}},"type":"if","locations":[{"start":{"line":359,"column":4},"end":{"line":361,"column":5}},{"start":{},"end":{}}],"line":359},"29":{"loc":{"start":{"line":363,"column":4},"end":{"line":370,"column":5}},"type":"if","locations":[{"start":{"line":363,"column":4},"end":{"line":370,"column":5}},{"start":{},"end":{}}],"line":363},"30":{"loc":{"start":{"line":363,"column":8},"end":{"line":363,"column":55}},"type":"binary-expr","locations":[{"start":{"line":363,"column":8},"end":{"line":363,"column":20}},{"start":{"line":363,"column":24},"end":{"line":363,"column":55}}],"line":363},"31":{"loc":{"start":{"line":396,"column":11},"end":{"line":396,"column":26}},"type":"binary-expr","locations":[{"start":{"line":396,"column":11},"end":{"line":396,"column":18}},{"start":{"line":396,"column":22},"end":{"line":396,"column":26}}],"line":396}},"s":{"0":1,"1":1,"2":1,"3":0,"4":0,"5":1,"6":1,"7":1,"8":1,"9":1,"10":1,"11":1,"12":0,"13":0,"14":0,"15":1,"16":1,"17":4,"18":4,"19":4,"20":4,"21":4,"22":1,"23":0,"24":0,"25":0,"26":0,"27":0,"28":1,"29":0,"30":0,"31":0,"32":0,"33":0,"34":1,"35":2,"36":2,"37":2,"38":2,"39":0,"40":2,"41":2,"42":2,"43":2,"44":1,"45":1,"46":2,"47":1,"48":1,"49":2,"50":1,"51":1,"52":2,"53":0,"54":0,"55":2,"56":1,"57":1,"58":1,"59":1,"60":1,"61":1,"62":3,"63":0,"64":0,"65":2,"66":1,"67":0,"68":0,"69":0,"70":0,"71":0,"72":0,"73":0,"74":0,"75":0,"76":0,"77":0,"78":0,"79":1,"80":0,"81":0,"82":0,"83":0,"84":0,"85":1,"86":0,"87":0,"88":0,"89":0,"90":0,"91":1,"92":0,"93":0,"94":0,"95":0,"96":0,"97":1,"98":0,"99":0,"100":0,"101":0,"102":0,"103":0,"104":0,"105":0,"106":0,"107":1,"108":0,"109":0,"110":0,"111":0,"112":0,"113":0,"114":0,"115":1,"116":1,"117":1,"118":1,"119":1,"120":1,"121":0,"122":1,"123":0,"124":1,"125":1,"126":1,"127":0,"128":0,"129":0,"130":0,"131":0,"132":0,"133":1,"134":1,"135":3,"136":3,"137":3,"138":3,"139":1,"140":2,"141":2,"142":3,"143":1,"144":0,"145":0,"146":0,"147":0,"148":0,"149":1,"150":0,"151":0,"152":0,"153":0,"154":0,"155":0,"156":0,"157":0,"158":0,"159":0,"160":1,"161":0,"162":0,"163":0,"164":0,"165":0,"166":1},"f":{"0":0,"1":1,"2":4,"3":0,"4":0,"5":2,"6":3,"7":0,"8":0,"9":0,"10":0,"11":0,"12":0,"13":1,"14":3,"15":0,"16":0,"17":0},"b":{"0":[0,0],"1":[1,0],"2":[1,0],"3":[1,0],"4":[1,0],"5":[1,0],"6":[4,0],"7":[0,2],"8":[1,1],"9":[2,1],"10":[1,1],"11":[2,1],"12":[1,1],"13":[2,1],"14":[0,2],"15":[2,0],"16":[1,1],"17":[0,0],"18":[0,0],"19":[0,0],"20":[0,0],"21":[0,0,0,0],"22":[0,0],"23":[0,1],"24":[0,1],"25":[1,0],"26":[1,2],"27":[0,0],"28":[0,0],"29":[0,0],"30":[0,0],"31":[0,0]},"_coverageSchema":"1a1c01bbd47fc00a2c39e90264f33305004495a9","hash":"0a5c1d75e83913b07e57c2e2619e4691cc6bb05d"}
,"C:\\Users\\Lilly\\Documents\\GitHub\\API-MINAOSystems\\course_service\\database\\dao\\courseInstructorDAO.js": {"path":"C:\\Users\\Lilly\\Documents\\GitHub\\API-MINAOSystems\\course_service\\database\\dao\\courseInstructorDAO.js","statementMap":{"0":{"start":{"line":1,"column":19},"end":{"line":1,"column":37}},"1":{"start":{"line":3,"column":33},"end":{"line":17,"column":1}},"2":{"start":{"line":4,"column":25},"end":{"line":4,"column":57}},"3":{"start":{"line":5,"column":4},"end":{"line":16,"column":5}},"4":{"start":{"line":6,"column":23},"end":{"line":9,"column":9}},"5":{"start":{"line":10,"column":8},"end":{"line":10,"column":49}},"6":{"start":{"line":10,"column":29},"end":{"line":10,"column":47}},"7":{"start":{"line":12,"column":8},"end":{"line":12,"column":69}},"8":{"start":{"line":13,"column":8},"end":{"line":13,"column":18}},"9":{"start":{"line":15,"column":8},"end":{"line":15,"column":31}},"10":{"start":{"line":19,"column":0},"end":{"line":19,"column":44}}},"fnMap":{"0":{"name":"(anonymous_0)","decl":{"start":{"line":3,"column":33},"end":{"line":3,"column":34}},"loc":{"start":{"line":3,"column":53},"end":{"line":17,"column":1}},"line":3},"1":{"name":"(anonymous_1)","decl":{"start":{"line":10,"column":24},"end":{"line":10,"column":25}},"loc":{"start":{"line":10,"column":29},"end":{"line":10,"column":47}},"line":10}},"branchMap":{},"s":{"0":1,"1":1,"2":2,"3":2,"4":2,"5":1,"6":1,"7":1,"8":1,"9":2,"10":1},"f":{"0":2,"1":1},"b":{},"_coverageSchema":"1a1c01bbd47fc00a2c39e90264f33305004495a9","hash":"4a7db69e09693b911647556a3ce3be9cc5141927"}
,"C:\\Users\\Lilly\\Documents\\GitHub\\API-MINAOSystems\\course_service\\database\\dao\\courseStudentDAO.js": {"path":"C:\\Users\\Lilly\\Documents\\GitHub\\API-MINAOSystems\\course_service\\database\\dao\\courseStudentDAO.js","statementMap":{"0":{"start":{"line":1,"column":19},"end":{"line":1,"column":37}},"1":{"start":{"line":3,"column":32},"end":{"line":19,"column":1}},"2":{"start":{"line":4,"column":25},"end":{"line":4,"column":57}},"3":{"start":{"line":5,"column":4},"end":{"line":18,"column":5}},"4":{"start":{"line":6,"column":25},"end":{"line":10,"column":9}},"5":{"start":{"line":12,"column":8},"end":{"line":12,"column":22}},"6":{"start":{"line":14,"column":8},"end":{"line":14,"column":68}},"7":{"start":{"line":15,"column":8},"end":{"line":15,"column":20}},"8":{"start":{"line":17,"column":8},"end":{"line":17,"column":31}},"9":{"start":{"line":21,"column":32},"end":{"line":35,"column":1}},"10":{"start":{"line":22,"column":25},"end":{"line":22,"column":57}},"11":{"start":{"line":23,"column":4},"end":{"line":34,"column":5}},"12":{"start":{"line":24,"column":23},"end":{"line":27,"column":9}},"13":{"start":{"line":28,"column":8},"end":{"line":28,"column":36}},"14":{"start":{"line":30,"column":8},"end":{"line":30,"column":68}},"15":{"start":{"line":31,"column":8},"end":{"line":31,"column":17}},"16":{"start":{"line":33,"column":8},"end":{"line":33,"column":31}},"17":{"start":{"line":37,"column":30},"end":{"line":51,"column":1}},"18":{"start":{"line":38,"column":25},"end":{"line":38,"column":57}},"19":{"start":{"line":39,"column":4},"end":{"line":50,"column":5}},"20":{"start":{"line":40,"column":23},"end":{"line":43,"column":9}},"21":{"start":{"line":44,"column":8},"end":{"line":44,"column":46}},"22":{"start":{"line":44,"column":29},"end":{"line":44,"column":44}},"23":{"start":{"line":46,"column":8},"end":{"line":46,"column":66}},"24":{"start":{"line":47,"column":8},"end":{"line":47,"column":18}},"25":{"start":{"line":49,"column":8},"end":{"line":49,"column":31}},"26":{"start":{"line":53,"column":0},"end":{"line":53,"column":92}}},"fnMap":{"0":{"name":"(anonymous_0)","decl":{"start":{"line":3,"column":32},"end":{"line":3,"column":33}},"loc":{"start":{"line":3,"column":62},"end":{"line":19,"column":1}},"line":3},"1":{"name":"(anonymous_1)","decl":{"start":{"line":21,"column":32},"end":{"line":21,"column":33}},"loc":{"start":{"line":21,"column":51},"end":{"line":35,"column":1}},"line":21},"2":{"name":"(anonymous_2)","decl":{"start":{"line":37,"column":30},"end":{"line":37,"column":31}},"loc":{"start":{"line":37,"column":50},"end":{"line":51,"column":1}},"line":37},"3":{"name":"(anonymous_3)","decl":{"start":{"line":44,"column":24},"end":{"line":44,"column":25}},"loc":{"start":{"line":44,"column":29},"end":{"line":44,"column":44}},"line":44}},"branchMap":{},"s":{"0":1,"1":1,"2":1,"3":1,"4":1,"5":1,"6":0,"7":0,"8":1,"9":1,"10":1,"11":1,"12":1,"13":1,"14":0,"15":0,"16":1,"17":1,"18":1,"19":1,"20":1,"21":1,"22":2,"23":0,"24":0,"25":1,"26":1},"f":{"0":1,"1":1,"2":1,"3":2},"b":{},"_coverageSchema":"1a1c01bbd47fc00a2c39e90264f33305004495a9","hash":"a601d9c05a0b0d7d06c3a70d5288c23b9df203ee"}
,"C:\\Users\\Lilly\\Documents\\GitHub\\API-MINAOSystems\\quiz_service\\database\\dao\\quizDAO.js": {"path":"C:\\Users\\Lilly\\Documents\\GitHub\\API-MINAOSystems\\quiz_service\\database\\dao\\quizDAO.js","statementMap":{"0":{"start":{"line":1,"column":19},"end":{"line":1,"column":37}},"1":{"start":{"line":3,"column":19},"end":{"line":55,"column":1}},"2":{"start":{"line":4,"column":27},"end":{"line":4,"column":59}},"3":{"start":{"line":5,"column":4},"end":{"line":54,"column":5}},"4":{"start":{"line":6,"column":8},"end":{"line":6,"column":46}},"5":{"start":{"line":8,"column":30},"end":{"line":10,"column":13}},"6":{"start":{"line":9,"column":12},"end":{"line":9,"column":41}},"7":{"start":{"line":12,"column":29},"end":{"line":23,"column":9}},"8":{"start":{"line":25,"column":23},"end":{"line":25,"column":42}},"9":{"start":{"line":27,"column":8},"end":{"line":43,"column":9}},"10":{"start":{"line":28,"column":37},"end":{"line":32,"column":13}},"11":{"start":{"line":34,"column":31},"end":{"line":34,"column":54}},"12":{"start":{"line":36,"column":12},"end":{"line":42,"column":13}},"13":{"start":{"line":37,"column":16},"end":{"line":41,"column":18}},"14":{"start":{"line":45,"column":8},"end":{"line":45,"column":36}},"15":{"start":{"line":46,"column":8},"end":{"line":46,"column":56}},"16":{"start":{"line":49,"column":8},"end":{"line":49,"column":38}},"17":{"start":{"line":50,"column":8},"end":{"line":50,"column":53}},"18":{"start":{"line":51,"column":8},"end":{"line":51,"column":20}},"19":{"start":{"line":53,"column":8},"end":{"line":53,"column":31}},"20":{"start":{"line":57,"column":19},"end":{"line":114,"column":1}},"21":{"start":{"line":58,"column":25},"end":{"line":58,"column":57}},"22":{"start":{"line":59,"column":4},"end":{"line":113,"column":5}},"23":{"start":{"line":60,"column":8},"end":{"line":60,"column":46}},"24":{"start":{"line":62,"column":50},"end":{"line":62,"column":57}},"25":{"start":{"line":63,"column":23},"end":{"line":63,"column":25}},"26":{"start":{"line":64,"column":23},"end":{"line":64,"column":25}},"27":{"start":{"line":66,"column":8},"end":{"line":69,"column":9}},"28":{"start":{"line":67,"column":12},"end":{"line":67,"column":37}},"29":{"start":{"line":68,"column":12},"end":{"line":68,"column":31}},"30":{"start":{"line":70,"column":8},"end":{"line":73,"column":9}},"31":{"start":{"line":71,"column":12},"end":{"line":71,"column":43}},"32":{"start":{"line":72,"column":12},"end":{"line":72,"column":37}},"33":{"start":{"line":75,"column":8},"end":{"line":79,"column":9}},"34":{"start":{"line":76,"column":12},"end":{"line":76,"column":32}},"35":{"start":{"line":77,"column":26},"end":{"line":77,"column":81}},"36":{"start":{"line":78,"column":12},"end":{"line":78,"column":54}},"37":{"start":{"line":81,"column":8},"end":{"line":103,"column":9}},"38":{"start":{"line":82,"column":12},"end":{"line":102,"column":13}},"39":{"start":{"line":83,"column":16},"end":{"line":101,"column":17}},"40":{"start":{"line":84,"column":20},"end":{"line":89,"column":21}},"41":{"start":{"line":85,"column":24},"end":{"line":88,"column":26}},"42":{"start":{"line":91,"column":20},"end":{"line":100,"column":21}},"43":{"start":{"line":92,"column":24},"end":{"line":99,"column":25}},"44":{"start":{"line":93,"column":28},"end":{"line":98,"column":29}},"45":{"start":{"line":94,"column":32},"end":{"line":97,"column":34}},"46":{"start":{"line":105,"column":8},"end":{"line":105,"column":36}},"47":{"start":{"line":106,"column":8},"end":{"line":106,"column":33}},"48":{"start":{"line":108,"column":8},"end":{"line":108,"column":38}},"49":{"start":{"line":109,"column":8},"end":{"line":109,"column":53}},"50":{"start":{"line":110,"column":8},"end":{"line":110,"column":20}},"51":{"start":{"line":112,"column":8},"end":{"line":112,"column":31}},"52":{"start":{"line":116,"column":25},"end":{"line":157,"column":1}},"53":{"start":{"line":117,"column":25},"end":{"line":117,"column":57}},"54":{"start":{"line":118,"column":4},"end":{"line":156,"column":5}},"55":{"start":{"line":119,"column":27},"end":{"line":124,"column":9}},"56":{"start":{"line":126,"column":8},"end":{"line":126,"column":47}},"57":{"start":{"line":126,"column":35},"end":{"line":126,"column":47}},"58":{"start":{"line":127,"column":21},"end":{"line":127,"column":32}},"59":{"start":{"line":129,"column":28},"end":{"line":134,"column":9}},"60":{"start":{"line":136,"column":8},"end":{"line":145,"column":9}},"61":{"start":{"line":137,"column":30},"end":{"line":142,"column":13}},"62":{"start":{"line":144,"column":12},"end":{"line":144,"column":32}},"63":{"start":{"line":147,"column":8},"end":{"line":147,"column":35}},"64":{"start":{"line":149,"column":8},"end":{"line":149,"column":20}},"65":{"start":{"line":152,"column":8},"end":{"line":152,"column":64}},"66":{"start":{"line":153,"column":8},"end":{"line":153,"column":20}},"67":{"start":{"line":155,"column":8},"end":{"line":155,"column":31}},"68":{"start":{"line":159,"column":19},"end":{"line":173,"column":1}},"69":{"start":{"line":160,"column":25},"end":{"line":160,"column":57}},"70":{"start":{"line":161,"column":4},"end":{"line":172,"column":5}},"71":{"start":{"line":162,"column":25},"end":{"line":165,"column":9}},"72":{"start":{"line":166,"column":8},"end":{"line":166,"column":22}},"73":{"start":{"line":168,"column":8},"end":{"line":168,"column":53}},"74":{"start":{"line":169,"column":8},"end":{"line":169,"column":20}},"75":{"start":{"line":171,"column":8},"end":{"line":171,"column":31}},"76":{"start":{"line":175,"column":19},"end":{"line":190,"column":1}},"77":{"start":{"line":176,"column":25},"end":{"line":176,"column":57}},"78":{"start":{"line":177,"column":4},"end":{"line":189,"column":5}},"79":{"start":{"line":178,"column":23},"end":{"line":182,"column":9}},"80":{"start":{"line":183,"column":8},"end":{"line":183,"column":20}},"81":{"start":{"line":185,"column":8},"end":{"line":185,"column":66}},"82":{"start":{"line":186,"column":8},"end":{"line":186,"column":20}},"83":{"start":{"line":188,"column":8},"end":{"line":188,"column":31}},"84":{"start":{"line":192,"column":23},"end":{"line":208,"column":1}},"85":{"start":{"line":193,"column":25},"end":{"line":193,"column":57}},"86":{"start":{"line":194,"column":4},"end":{"line":207,"column":5}},"87":{"start":{"line":195,"column":23},"end":{"line":200,"column":9}},"88":{"start":{"line":201,"column":8},"end":{"line":201,"column":20}},"89":{"start":{"line":203,"column":8},"end":{"line":203,"column":62}},"90":{"start":{"line":204,"column":8},"end":{"line":204,"column":20}},"91":{"start":{"line":206,"column":8},"end":{"line":206,"column":31}},"92":{"start":{"line":210,"column":30},"end":{"line":226,"column":1}},"93":{"start":{"line":211,"column":25},"end":{"line":211,"column":57}},"94":{"start":{"line":212,"column":4},"end":{"line":225,"column":5}},"95":{"start":{"line":213,"column":23},"end":{"line":218,"column":9}},"96":{"start":{"line":219,"column":8},"end":{"line":219,"column":20}},"97":{"start":{"line":221,"column":8},"end":{"line":221,"column":61}},"98":{"start":{"line":222,"column":8},"end":{"line":222,"column":20}},"99":{"start":{"line":224,"column":8},"end":{"line":224,"column":31}},"100":{"start":{"line":228,"column":20},"end":{"line":260,"column":1}},"101":{"start":{"line":229,"column":25},"end":{"line":229,"column":57}},"102":{"start":{"line":230,"column":4},"end":{"line":259,"column":5}},"103":{"start":{"line":231,"column":27},"end":{"line":235,"column":13}},"104":{"start":{"line":236,"column":8},"end":{"line":236,"column":47}},"105":{"start":{"line":236,"column":35},"end":{"line":236,"column":47}},"106":{"start":{"line":237,"column":21},"end":{"line":237,"column":32}},"107":{"start":{"line":239,"column":28},"end":{"line":242,"column":9}},"108":{"start":{"line":244,"column":8},"end":{"line":250,"column":9}},"109":{"start":{"line":245,"column":30},"end":{"line":248,"column":13}},"110":{"start":{"line":249,"column":12},"end":{"line":249,"column":32}},"111":{"start":{"line":252,"column":8},"end":{"line":252,"column":35}},"112":{"start":{"line":253,"column":8},"end":{"line":253,"column":20}},"113":{"start":{"line":255,"column":8},"end":{"line":255,"column":59}},"114":{"start":{"line":256,"column":8},"end":{"line":256,"column":20}},"115":{"start":{"line":258,"column":8},"end":{"line":258,"column":31}},"116":{"start":{"line":262,"column":26},"end":{"line":331,"column":1}},"117":{"start":{"line":263,"column":25},"end":{"line":263,"column":57}},"118":{"start":{"line":264,"column":4},"end":{"line":330,"column":5}},"119":{"start":{"line":265,"column":28},"end":{"line":268,"column":9}},"120":{"start":{"line":269,"column":8},"end":{"line":269,"column":88}},"121":{"start":{"line":269,"column":36},"end":{"line":269,"column":88}},"122":{"start":{"line":271,"column":27},"end":{"line":274,"column":9}},"123":{"start":{"line":275,"column":24},"end":{"line":275,"column":44}},"124":{"start":{"line":276,"column":8},"end":{"line":276,"column":72}},"125":{"start":{"line":276,"column":22},"end":{"line":276,"column":72}},"126":{"start":{"line":278,"column":27},"end":{"line":281,"column":9}},"127":{"start":{"line":282,"column":30},"end":{"line":282,"column":51}},"128":{"start":{"line":284,"column":8},"end":{"line":296,"column":9}},"129":{"start":{"line":285,"column":33},"end":{"line":288,"column":13}},"130":{"start":{"line":289,"column":30},"end":{"line":289,"column":62}},"131":{"start":{"line":291,"column":12},"end":{"line":295,"column":14}},"132":{"start":{"line":298,"column":28},"end":{"line":302,"column":9}},"133":{"start":{"line":304,"column":20},"end":{"line":304,"column":21}},"134":{"start":{"line":305,"column":8},"end":{"line":310,"column":9}},"135":{"start":{"line":306,"column":12},"end":{"line":309,"column":13}},"136":{"start":{"line":307,"column":26},"end":{"line":307,"column":79}},"137":{"start":{"line":307,"column":46},"end":{"line":307,"column":78}},"138":{"start":{"line":308,"column":16},"end":{"line":308,"column":40}},"139":{"start":{"line":312,"column":8},"end":{"line":316,"column":10}},"140":{"start":{"line":318,"column":8},"end":{"line":321,"column":10}},"141":{"start":{"line":323,"column":8},"end":{"line":323,"column":55}},"142":{"start":{"line":326,"column":8},"end":{"line":326,"column":60}},"143":{"start":{"line":327,"column":8},"end":{"line":327,"column":18}},"144":{"start":{"line":329,"column":8},"end":{"line":329,"column":31}},"145":{"start":{"line":333,"column":29},"end":{"line":347,"column":1}},"146":{"start":{"line":334,"column":25},"end":{"line":334,"column":57}},"147":{"start":{"line":335,"column":4},"end":{"line":346,"column":5}},"148":{"start":{"line":336,"column":23},"end":{"line":340,"column":9}},"149":{"start":{"line":341,"column":8},"end":{"line":341,"column":20}},"150":{"start":{"line":343,"column":8},"end":{"line":343,"column":18}},"151":{"start":{"line":345,"column":8},"end":{"line":345,"column":31}},"152":{"start":{"line":349,"column":22},"end":{"line":404,"column":1}},"153":{"start":{"line":350,"column":25},"end":{"line":350,"column":57}},"154":{"start":{"line":351,"column":4},"end":{"line":403,"column":5}},"155":{"start":{"line":352,"column":27},"end":{"line":354,"column":9}},"156":{"start":{"line":355,"column":8},"end":{"line":355,"column":68}},"157":{"start":{"line":355,"column":30},"end":{"line":355,"column":68}},"158":{"start":{"line":356,"column":21},"end":{"line":356,"column":32}},"159":{"start":{"line":358,"column":32},"end":{"line":370,"column":9}},"160":{"start":{"line":372,"column":29},"end":{"line":372,"column":31}},"161":{"start":{"line":373,"column":8},"end":{"line":389,"column":11}},"162":{"start":{"line":374,"column":12},"end":{"line":383,"column":13}},"163":{"start":{"line":375,"column":16},"end":{"line":382,"column":18}},"164":{"start":{"line":384,"column":12},"end":{"line":388,"column":15}},"165":{"start":{"line":391,"column":30},"end":{"line":391,"column":101}},"166":{"start":{"line":391,"column":77},"end":{"line":391,"column":97}},"167":{"start":{"line":393,"column":8},"end":{"line":399,"column":10}},"168":{"start":{"line":402,"column":8},"end":{"line":402,"column":31}},"169":{"start":{"line":406,"column":26},"end":{"line":447,"column":1}},"170":{"start":{"line":407,"column":25},"end":{"line":407,"column":57}},"171":{"start":{"line":408,"column":4},"end":{"line":446,"column":5}},"172":{"start":{"line":409,"column":27},"end":{"line":414,"column":9}},"173":{"start":{"line":416,"column":8},"end":{"line":416,"column":47}},"174":{"start":{"line":416,"column":35},"end":{"line":416,"column":47}},"175":{"start":{"line":417,"column":21},"end":{"line":417,"column":32}},"176":{"start":{"line":419,"column":28},"end":{"line":424,"column":9}},"177":{"start":{"line":426,"column":8},"end":{"line":435,"column":9}},"178":{"start":{"line":427,"column":30},"end":{"line":432,"column":13}},"179":{"start":{"line":434,"column":12},"end":{"line":434,"column":32}},"180":{"start":{"line":437,"column":8},"end":{"line":437,"column":35}},"181":{"start":{"line":439,"column":8},"end":{"line":439,"column":20}},"182":{"start":{"line":442,"column":8},"end":{"line":442,"column":65}},"183":{"start":{"line":443,"column":8},"end":{"line":443,"column":20}},"184":{"start":{"line":445,"column":8},"end":{"line":445,"column":31}},"185":{"start":{"line":451,"column":28},"end":{"line":470,"column":1}},"186":{"start":{"line":452,"column":25},"end":{"line":452,"column":57}},"187":{"start":{"line":453,"column":4},"end":{"line":469,"column":5}},"188":{"start":{"line":454,"column":23},"end":{"line":460,"column":9}},"189":{"start":{"line":462,"column":8},"end":{"line":462,"column":20}},"190":{"start":{"line":465,"column":8},"end":{"line":465,"column":65}},"191":{"start":{"line":466,"column":8},"end":{"line":466,"column":20}},"192":{"start":{"line":468,"column":8},"end":{"line":468,"column":31}},"193":{"start":{"line":473,"column":0},"end":{"line":474,"column":137}}},"fnMap":{"0":{"name":"(anonymous_0)","decl":{"start":{"line":3,"column":19},"end":{"line":3,"column":20}},"loc":{"start":{"line":3,"column":35},"end":{"line":55,"column":1}},"line":3},"1":{"name":"(anonymous_1)","decl":{"start":{"line":8,"column":52},"end":{"line":8,"column":53}},"loc":{"start":{"line":8,"column":64},"end":{"line":10,"column":9}},"line":8},"2":{"name":"(anonymous_2)","decl":{"start":{"line":57,"column":19},"end":{"line":57,"column":20}},"loc":{"start":{"line":57,"column":46},"end":{"line":114,"column":1}},"line":57},"3":{"name":"(anonymous_3)","decl":{"start":{"line":116,"column":25},"end":{"line":116,"column":26}},"loc":{"start":{"line":116,"column":43},"end":{"line":157,"column":1}},"line":116},"4":{"name":"(anonymous_4)","decl":{"start":{"line":159,"column":19},"end":{"line":159,"column":20}},"loc":{"start":{"line":159,"column":37},"end":{"line":173,"column":1}},"line":159},"5":{"name":"(anonymous_5)","decl":{"start":{"line":175,"column":19},"end":{"line":175,"column":20}},"loc":{"start":{"line":175,"column":38},"end":{"line":190,"column":1}},"line":175},"6":{"name":"(anonymous_6)","decl":{"start":{"line":192,"column":23},"end":{"line":192,"column":24}},"loc":{"start":{"line":192,"column":40},"end":{"line":208,"column":1}},"line":192},"7":{"name":"(anonymous_7)","decl":{"start":{"line":210,"column":30},"end":{"line":210,"column":31}},"loc":{"start":{"line":210,"column":46},"end":{"line":226,"column":1}},"line":210},"8":{"name":"(anonymous_8)","decl":{"start":{"line":228,"column":20},"end":{"line":228,"column":21}},"loc":{"start":{"line":228,"column":38},"end":{"line":260,"column":1}},"line":228},"9":{"name":"(anonymous_9)","decl":{"start":{"line":262,"column":26},"end":{"line":262,"column":27}},"loc":{"start":{"line":262,"column":68},"end":{"line":331,"column":1}},"line":262},"10":{"name":"(anonymous_10)","decl":{"start":{"line":307,"column":41},"end":{"line":307,"column":42}},"loc":{"start":{"line":307,"column":46},"end":{"line":307,"column":78}},"line":307},"11":{"name":"(anonymous_11)","decl":{"start":{"line":333,"column":29},"end":{"line":333,"column":30}},"loc":{"start":{"line":333,"column":47},"end":{"line":347,"column":1}},"line":333},"12":{"name":"(anonymous_12)","decl":{"start":{"line":349,"column":22},"end":{"line":349,"column":23}},"loc":{"start":{"line":349,"column":70},"end":{"line":404,"column":1}},"line":349},"13":{"name":"(anonymous_13)","decl":{"start":{"line":373,"column":30},"end":{"line":373,"column":31}},"loc":{"start":{"line":373,"column":37},"end":{"line":389,"column":9}},"line":373},"14":{"name":"(anonymous_14)","decl":{"start":{"line":391,"column":65},"end":{"line":391,"column":66}},"loc":{"start":{"line":391,"column":77},"end":{"line":391,"column":97}},"line":391},"15":{"name":"(anonymous_15)","decl":{"start":{"line":406,"column":26},"end":{"line":406,"column":27}},"loc":{"start":{"line":406,"column":44},"end":{"line":447,"column":1}},"line":406},"16":{"name":"(anonymous_16)","decl":{"start":{"line":451,"column":28},"end":{"line":451,"column":29}},"loc":{"start":{"line":451,"column":61},"end":{"line":470,"column":1}},"line":451}},"branchMap":{"0":{"loc":{"start":{"line":9,"column":26},"end":{"line":9,"column":39}},"type":"binary-expr","locations":[{"start":{"line":9,"column":26},"end":{"line":9,"column":34}},{"start":{"line":9,"column":38},"end":{"line":9,"column":39}}],"line":9},"1":{"loc":{"start":{"line":17,"column":16},"end":{"line":17,"column":59}},"type":"binary-expr","locations":[{"start":{"line":17,"column":16},"end":{"line":17,"column":32}},{"start":{"line":17,"column":36},"end":{"line":17,"column":59}}],"line":17},"2":{"loc":{"start":{"line":21,"column":16},"end":{"line":21,"column":39}},"type":"binary-expr","locations":[{"start":{"line":21,"column":16},"end":{"line":21,"column":27}},{"start":{"line":21,"column":31},"end":{"line":21,"column":39}}],"line":21},"3":{"loc":{"start":{"line":31,"column":40},"end":{"line":31,"column":60}},"type":"binary-expr","locations":[{"start":{"line":31,"column":40},"end":{"line":31,"column":55}},{"start":{"line":31,"column":59},"end":{"line":31,"column":60}}],"line":31},"4":{"loc":{"start":{"line":40,"column":46},"end":{"line":40,"column":70}},"type":"cond-expr","locations":[{"start":{"line":40,"column":65},"end":{"line":40,"column":66}},{"start":{"line":40,"column":69},"end":{"line":40,"column":70}}],"line":40},"5":{"loc":{"start":{"line":66,"column":8},"end":{"line":69,"column":9}},"type":"if","locations":[{"start":{"line":66,"column":8},"end":{"line":69,"column":9}},{"start":{},"end":{}}],"line":66},"6":{"loc":{"start":{"line":70,"column":8},"end":{"line":73,"column":9}},"type":"if","locations":[{"start":{"line":70,"column":8},"end":{"line":73,"column":9}},{"start":{},"end":{}}],"line":70},"7":{"loc":{"start":{"line":75,"column":8},"end":{"line":79,"column":9}},"type":"if","locations":[{"start":{"line":75,"column":8},"end":{"line":79,"column":9}},{"start":{},"end":{}}],"line":75},"8":{"loc":{"start":{"line":81,"column":8},"end":{"line":103,"column":9}},"type":"if","locations":[{"start":{"line":81,"column":8},"end":{"line":103,"column":9}},{"start":{},"end":{}}],"line":81},"9":{"loc":{"start":{"line":81,"column":12},"end":{"line":81,"column":45}},"type":"binary-expr","locations":[{"start":{"line":81,"column":12},"end":{"line":81,"column":21}},{"start":{"line":81,"column":25},"end":{"line":81,"column":45}}],"line":81},"10":{"loc":{"start":{"line":83,"column":16},"end":{"line":101,"column":17}},"type":"if","locations":[{"start":{"line":83,"column":16},"end":{"line":101,"column":17}},{"start":{},"end":{}}],"line":83},"11":{"loc":{"start":{"line":84,"column":20},"end":{"line":89,"column":21}},"type":"if","locations":[{"start":{"line":84,"column":20},"end":{"line":89,"column":21}},{"start":{},"end":{}}],"line":84},"12":{"loc":{"start":{"line":91,"column":20},"end":{"line":100,"column":21}},"type":"if","locations":[{"start":{"line":91,"column":20},"end":{"line":100,"column":21}},{"start":{},"end":{}}],"line":91},"13":{"loc":{"start":{"line":91,"column":24},"end":{"line":91,"column":71}},"type":"binary-expr","locations":[{"start":{"line":91,"column":24},"end":{"line":91,"column":40}},{"start":{"line":91,"column":44},"end":{"line":91,"column":71}}],"line":91},"14":{"loc":{"start":{"line":93,"column":28},"end":{"line":98,"column":29}},"type":"if","locations":[{"start":{"line":93,"column":28},"end":{"line":98,"column":29}},{"start":{},"end":{}}],"line":93},"15":{"loc":{"start":{"line":96,"column":50},"end":{"line":96,"column":74}},"type":"cond-expr","locations":[{"start":{"line":96,"column":69},"end":{"line":96,"column":70}},{"start":{"line":96,"column":73},"end":{"line":96,"column":74}}],"line":96},"16":{"loc":{"start":{"line":126,"column":8},"end":{"line":126,"column":47}},"type":"if","locations":[{"start":{"line":126,"column":8},"end":{"line":126,"column":47}},{"start":{},"end":{}}],"line":126},"17":{"loc":{"start":{"line":236,"column":8},"end":{"line":236,"column":47}},"type":"if","locations":[{"start":{"line":236,"column":8},"end":{"line":236,"column":47}},{"start":{},"end":{}}],"line":236},"18":{"loc":{"start":{"line":269,"column":8},"end":{"line":269,"column":88}},"type":"if","locations":[{"start":{"line":269,"column":8},"end":{"line":269,"column":88}},{"start":{},"end":{}}],"line":269},"19":{"loc":{"start":{"line":276,"column":8},"end":{"line":276,"column":72}},"type":"if","locations":[{"start":{"line":276,"column":8},"end":{"line":276,"column":72}},{"start":{},"end":{}}],"line":276},"20":{"loc":{"start":{"line":289,"column":30},"end":{"line":289,"column":62}},"type":"cond-expr","locations":[{"start":{"line":289,"column":57},"end":{"line":289,"column":58}},{"start":{"line":289,"column":61},"end":{"line":289,"column":62}}],"line":289},"21":{"loc":{"start":{"line":306,"column":12},"end":{"line":309,"column":13}},"type":"if","locations":[{"start":{"line":306,"column":12},"end":{"line":309,"column":13}},{"start":{},"end":{}}],"line":306},"22":{"loc":{"start":{"line":308,"column":25},"end":{"line":308,"column":39}},"type":"binary-expr","locations":[{"start":{"line":308,"column":25},"end":{"line":308,"column":34}},{"start":{"line":308,"column":38},"end":{"line":308,"column":39}}],"line":308},"23":{"loc":{"start":{"line":355,"column":8},"end":{"line":355,"column":68}},"type":"if","locations":[{"start":{"line":355,"column":8},"end":{"line":355,"column":68}},{"start":{},"end":{}}],"line":355},"24":{"loc":{"start":{"line":374,"column":12},"end":{"line":383,"column":13}},"type":"if","locations":[{"start":{"line":374,"column":12},"end":{"line":383,"column":13}},{"start":{},"end":{}}],"line":374},"25":{"loc":{"start":{"line":416,"column":8},"end":{"line":416,"column":47}},"type":"if","locations":[{"start":{"line":416,"column":8},"end":{"line":416,"column":47}},{"start":{},"end":{}}],"line":416}},"s":{"0":1,"1":1,"2":2,"3":2,"4":2,"5":2,"6":2,"7":2,"8":2,"9":2,"10":2,"11":1,"12":1,"13":2,"14":1,"15":1,"16":1,"17":1,"18":1,"19":2,"20":1,"21":1,"22":1,"23":1,"24":1,"25":1,"26":1,"27":1,"28":1,"29":1,"30":1,"31":0,"32":0,"33":1,"34":1,"35":1,"36":1,"37":1,"38":1,"39":1,"40":1,"41":0,"42":1,"43":1,"44":1,"45":1,"46":1,"47":1,"48":0,"49":0,"50":0,"51":1,"52":1,"53":1,"54":1,"55":1,"56":1,"57":0,"58":1,"59":1,"60":1,"61":2,"62":2,"63":1,"64":1,"65":0,"66":0,"67":1,"68":1,"69":0,"70":0,"71":0,"72":0,"73":0,"74":0,"75":0,"76":1,"77":0,"78":0,"79":0,"80":0,"81":0,"82":0,"83":0,"84":1,"85":0,"86":0,"87":0,"88":0,"89":0,"90":0,"91":0,"92":1,"93":0,"94":0,"95":0,"96":0,"97":0,"98":0,"99":0,"100":1,"101":0,"102":0,"103":0,"104":0,"105":0,"106":0,"107":0,"108":0,"109":0,"110":0,"111":0,"112":0,"113":0,"114":0,"115":0,"116":1,"117":1,"118":1,"119":1,"120":1,"121":0,"122":1,"123":1,"124":1,"125":0,"126":1,"127":1,"128":1,"129":2,"130":2,"131":2,"132":1,"133":1,"134":1,"135":2,"136":1,"137":1,"138":1,"139":1,"140":1,"141":1,"142":0,"143":0,"144":1,"145":1,"146":0,"147":0,"148":0,"149":0,"150":0,"151":0,"152":1,"153":1,"154":1,"155":1,"156":1,"157":0,"158":1,"159":1,"160":1,"161":1,"162":2,"163":1,"164":2,"165":1,"166":1,"167":1,"168":1,"169":1,"170":0,"171":0,"172":0,"173":0,"174":0,"175":0,"176":0,"177":0,"178":0,"179":0,"180":0,"181":0,"182":0,"183":0,"184":0,"185":1,"186":0,"187":0,"188":0,"189":0,"190":0,"191":0,"192":0,"193":1},"f":{"0":2,"1":2,"2":1,"3":1,"4":0,"5":0,"6":0,"7":0,"8":0,"9":1,"10":1,"11":0,"12":1,"13":2,"14":1,"15":0,"16":0},"b":{"0":[2,0],"1":[2,0],"2":[2,0],"3":[2,0],"4":[1,1],"5":[1,0],"6":[0,1],"7":[1,0],"8":[1,0],"9":[1,1],"10":[1,0],"11":[0,1],"12":[1,0],"13":[1,1],"14":[1,0],"15":[1,0],"16":[0,1],"17":[0,0],"18":[0,1],"19":[0,1],"20":[1,1],"21":[1,1],"22":[1,0],"23":[0,1],"24":[1,1],"25":[0,0]},"_coverageSchema":"1a1c01bbd47fc00a2c39e90264f33305004495a9","hash":"1ee4fc31475c96553d49cd2a8d49d1c00300756d"}
,"C:\\Users\\Lilly\\Documents\\GitHub\\API-MINAOSystems\\quiz_service\\database\\dao\\reportDAO.js": {"path":"C:\\Users\\Lilly\\Documents\\GitHub\\API-MINAOSystems\\quiz_service\\database\\dao\\reportDAO.js","statementMap":{"0":{"start":{"line":1,"column":14},"end":{"line":1,"column":30}},"1":{"start":{"line":2,"column":0},"end":{"line":2,"column":27}},"2":{"start":{"line":3,"column":19},"end":{"line":3,"column":37}},"3":{"start":{"line":5,"column":22},"end":{"line":8,"column":2}},"4":{"start":{"line":11,"column":2},"end":{"line":19,"column":3}},"5":{"start":{"line":12,"column":16},"end":{"line":12,"column":84}},"6":{"start":{"line":13,"column":16},"end":{"line":13,"column":44}},"7":{"start":{"line":14,"column":4},"end":{"line":14,"column":20}},"8":{"start":{"line":16,"column":4},"end":{"line":16,"column":63}},"9":{"start":{"line":17,"column":19},"end":{"line":17,"column":39}},"10":{"start":{"line":18,"column":4},"end":{"line":18,"column":84}},"11":{"start":{"line":23,"column":2},"end":{"line":31,"column":3}},"12":{"start":{"line":24,"column":16},"end":{"line":24,"column":86}},"13":{"start":{"line":25,"column":16},"end":{"line":25,"column":44}},"14":{"start":{"line":26,"column":4},"end":{"line":26,"column":20}},"15":{"start":{"line":28,"column":4},"end":{"line":28,"column":62}},"16":{"start":{"line":29,"column":19},"end":{"line":29,"column":39}},"17":{"start":{"line":30,"column":4},"end":{"line":30,"column":83}},"18":{"start":{"line":35,"column":23},"end":{"line":35,"column":55}},"19":{"start":{"line":36,"column":2},"end":{"line":44,"column":3}},"20":{"start":{"line":37,"column":19},"end":{"line":40,"column":5}},"21":{"start":{"line":41,"column":4},"end":{"line":41,"column":16}},"22":{"start":{"line":43,"column":4},"end":{"line":43,"column":27}},"23":{"start":{"line":48,"column":23},"end":{"line":48,"column":55}},"24":{"start":{"line":49,"column":2},"end":{"line":136,"column":3}},"25":{"start":{"line":50,"column":23},"end":{"line":55,"column":5}},"26":{"start":{"line":57,"column":4},"end":{"line":57,"column":36}},"27":{"start":{"line":57,"column":26},"end":{"line":57,"column":36}},"28":{"start":{"line":59,"column":20},"end":{"line":59,"column":22}},"29":{"start":{"line":61,"column":4},"end":{"line":130,"column":5}},"30":{"start":{"line":62,"column":27},"end":{"line":69,"column":7}},"31":{"start":{"line":71,"column":22},"end":{"line":71,"column":24}},"32":{"start":{"line":72,"column":23},"end":{"line":72,"column":27}},"33":{"start":{"line":73,"column":26},"end":{"line":73,"column":27}},"34":{"start":{"line":74,"column":25},"end":{"line":74,"column":42}},"35":{"start":{"line":76,"column":6},"end":{"line":119,"column":7}},"36":{"start":{"line":77,"column":8},"end":{"line":77,"column":44}},"37":{"start":{"line":78,"column":8},"end":{"line":78,"column":39}},"38":{"start":{"line":79,"column":8},"end":{"line":79,"column":58}},"39":{"start":{"line":81,"column":32},"end":{"line":97,"column":9}},"40":{"start":{"line":99,"column":29},"end":{"line":99,"column":31}},"41":{"start":{"line":100,"column":8},"end":{"line":116,"column":9}},"42":{"start":{"line":101,"column":10},"end":{"line":110,"column":11}},"43":{"start":{"line":102,"column":12},"end":{"line":109,"column":14}},"44":{"start":{"line":111,"column":10},"end":{"line":115,"column":13}},"45":{"start":{"line":118,"column":8},"end":{"line":118,"column":48}},"46":{"start":{"line":121,"column":6},"end":{"line":129,"column":9}},"47":{"start":{"line":132,"column":4},"end":{"line":132,"column":19}},"48":{"start":{"line":135,"column":4},"end":{"line":135,"column":27}},"49":{"start":{"line":139,"column":0},"end":{"line":139,"column":99}}},"fnMap":{"0":{"name":"fetchStudentInfo","decl":{"start":{"line":10,"column":15},"end":{"line":10,"column":31}},"loc":{"start":{"line":10,"column":43},"end":{"line":20,"column":1}},"line":10},"1":{"name":"fetchCourseInfo","decl":{"start":{"line":22,"column":15},"end":{"line":22,"column":30}},"loc":{"start":{"line":22,"column":41},"end":{"line":32,"column":1}},"line":22},"2":{"name":"fetchQuizzesByCourse","decl":{"start":{"line":34,"column":15},"end":{"line":34,"column":35}},"loc":{"start":{"line":34,"column":46},"end":{"line":45,"column":1}},"line":34},"3":{"name":"fetchStudentQuizResults","decl":{"start":{"line":47,"column":15},"end":{"line":47,"column":38}},"loc":{"start":{"line":47,"column":64},"end":{"line":137,"column":1}},"line":47}},"branchMap":{"0":{"loc":{"start":{"line":18,"column":45},"end":{"line":18,"column":80}},"type":"binary-expr","locations":[{"start":{"line":18,"column":45},"end":{"line":18,"column":51}},{"start":{"line":18,"column":55},"end":{"line":18,"column":63}},{"start":{"line":18,"column":67},"end":{"line":18,"column":80}}],"line":18},"1":{"loc":{"start":{"line":30,"column":44},"end":{"line":30,"column":79}},"type":"binary-expr","locations":[{"start":{"line":30,"column":44},"end":{"line":30,"column":50}},{"start":{"line":30,"column":54},"end":{"line":30,"column":62}},{"start":{"line":30,"column":66},"end":{"line":30,"column":79}}],"line":30},"2":{"loc":{"start":{"line":57,"column":4},"end":{"line":57,"column":36}},"type":"if","locations":[{"start":{"line":57,"column":4},"end":{"line":57,"column":36}},{"start":{},"end":{}}],"line":57},"3":{"loc":{"start":{"line":76,"column":6},"end":{"line":119,"column":7}},"type":"if","locations":[{"start":{"line":76,"column":6},"end":{"line":119,"column":7}},{"start":{},"end":{}}],"line":76},"4":{"loc":{"start":{"line":79,"column":23},"end":{"line":79,"column":57}},"type":"binary-expr","locations":[{"start":{"line":79,"column":23},"end":{"line":79,"column":41}},{"start":{"line":79,"column":45},"end":{"line":79,"column":57}}],"line":79},"5":{"loc":{"start":{"line":101,"column":10},"end":{"line":110,"column":11}},"type":"if","locations":[{"start":{"line":101,"column":10},"end":{"line":110,"column":11}},{"start":{},"end":{}}],"line":101},"6":{"loc":{"start":{"line":108,"column":28},"end":{"line":108,"column":49}},"type":"binary-expr","locations":[{"start":{"line":108,"column":28},"end":{"line":108,"column":44}},{"start":{"line":108,"column":48},"end":{"line":108,"column":49}}],"line":108},"7":{"loc":{"start":{"line":127,"column":23},"end":{"line":127,"column":38}},"type":"binary-expr","locations":[{"start":{"line":127,"column":23},"end":{"line":127,"column":33}},{"start":{"line":127,"column":37},"end":{"line":127,"column":38}}],"line":127}},"s":{"0":1,"1":1,"2":1,"3":1,"4":1,"5":1,"6":1,"7":1,"8":0,"9":0,"10":0,"11":1,"12":1,"13":1,"14":0,"15":1,"16":1,"17":1,"18":1,"19":1,"20":1,"21":1,"22":1,"23":2,"24":2,"25":2,"26":2,"27":1,"28":1,"29":1,"30":1,"31":1,"32":1,"33":1,"34":1,"35":1,"36":1,"37":1,"38":1,"39":1,"40":1,"41":1,"42":2,"43":1,"44":2,"45":1,"46":1,"47":1,"48":2,"49":1},"f":{"0":1,"1":1,"2":1,"3":2},"b":{"0":[0,0,0],"1":[1,0,0],"2":[1,1],"3":[1,0],"4":[1,0],"5":[1,1],"6":[1,0],"7":[1,0]},"_coverageSchema":"1a1c01bbd47fc00a2c39e90264f33305004495a9","hash":"c7840802cd77044dc2564a2a31b0d093ffa1cb85"}
,"C:\\Users\\Lilly\\Documents\\GitHub\\API-MINAOSystems\\quiz_service\\database\\dao\\scoreDAO.js": {"path":"C:\\Users\\Lilly\\Documents\\GitHub\\API-MINAOSystems\\quiz_service\\database\\dao\\scoreDAO.js","statementMap":{"0":{"start":{"line":1,"column":19},"end":{"line":1,"column":37}},"1":{"start":{"line":3,"column":33},"end":{"line":51,"column":1}},"2":{"start":{"line":4,"column":26},"end":{"line":4,"column":58}},"3":{"start":{"line":5,"column":4},"end":{"line":50,"column":5}},"4":{"start":{"line":6,"column":30},"end":{"line":16,"column":9}},"5":{"start":{"line":18,"column":8},"end":{"line":20,"column":9}},"6":{"start":{"line":19,"column":12},"end":{"line":19,"column":60}},"7":{"start":{"line":22,"column":28},"end":{"line":22,"column":42}},"8":{"start":{"line":24,"column":27},"end":{"line":38,"column":9}},"9":{"start":{"line":40,"column":8},"end":{"line":43,"column":10}},"10":{"start":{"line":46,"column":8},"end":{"line":46,"column":65}},"11":{"start":{"line":47,"column":8},"end":{"line":47,"column":18}},"12":{"start":{"line":49,"column":8},"end":{"line":49,"column":31}},"13":{"start":{"line":53,"column":0},"end":{"line":53,"column":44}}},"fnMap":{"0":{"name":"(anonymous_0)","decl":{"start":{"line":3,"column":33},"end":{"line":3,"column":34}},"loc":{"start":{"line":3,"column":67},"end":{"line":51,"column":1}},"line":3}},"branchMap":{"0":{"loc":{"start":{"line":18,"column":8},"end":{"line":20,"column":9}},"type":"if","locations":[{"start":{"line":18,"column":8},"end":{"line":20,"column":9}},{"start":{},"end":{}}],"line":18}},"s":{"0":1,"1":1,"2":2,"3":2,"4":2,"5":2,"6":1,"7":1,"8":1,"9":1,"10":1,"11":1,"12":2,"13":1},"f":{"0":2},"b":{"0":[1,1]},"_coverageSchema":"1a1c01bbd47fc00a2c39e90264f33305004495a9","hash":"cebf136029dbdc53c43185eaba86f98def6452c7"}
,"C:\\Users\\Lilly\\Documents\\GitHub\\API-MINAOSystems\\quiz_service\\tests\\mocks\\db.js": {"path":"C:\\Users\\Lilly\\Documents\\GitHub\\API-MINAOSystems\\quiz_service\\tests\\mocks\\db.js","statementMap":{"0":{"start":{"line":3,"column":17},"end":{"line":9,"column":2}},"1":{"start":{"line":3,"column":24},"end":{"line":9,"column":1}},"2":{"start":{"line":14,"column":24},"end":{"line":16,"column":1}},"3":{"start":{"line":15,"column":2},"end":{"line":15,"column":49}},"4":{"start":{"line":21,"column":26},"end":{"line":23,"column":1}},"5":{"start":{"line":22,"column":2},"end":{"line":22,"column":51}},"6":{"start":{"line":25,"column":0},"end":{"line":25,"column":66}}},"fnMap":{"0":{"name":"(anonymous_0)","decl":{"start":{"line":3,"column":17},"end":{"line":3,"column":18}},"loc":{"start":{"line":3,"column":24},"end":{"line":9,"column":1}},"line":3},"1":{"name":"(anonymous_1)","decl":{"start":{"line":14,"column":24},"end":{"line":14,"column":25}},"loc":{"start":{"line":14,"column":40},"end":{"line":16,"column":1}},"line":14},"2":{"name":"(anonymous_2)","decl":{"start":{"line":21,"column":26},"end":{"line":21,"column":27}},"loc":{"start":{"line":21,"column":44},"end":{"line":23,"column":1}},"line":21}},"branchMap":{},"s":{"0":3,"1":11,"2":3,"3":20,"4":3,"5":12,"6":3},"f":{"0":11,"1":20,"2":12},"b":{},"_coverageSchema":"1a1c01bbd47fc00a2c39e90264f33305004495a9","hash":"83d7a2204444d02664ea0023103f5294adc9b7e5"}
,"C:\\Users\\Lilly\\Documents\\GitHub\\API-MINAOSystems\\tests\\mocks\\db.js": {"path":"C:\\Users\\Lilly\\Documents\\GitHub\\API-MINAOSystems\\tests\\mocks\\db.js","statementMap":{"0":{"start":{"line":3,"column":2},"end":{"line":9,"column":4}},"1":{"start":{"line":14,"column":2},"end":{"line":14,"column":49}},"2":{"start":{"line":19,"column":2},"end":{"line":19,"column":51}},"3":{"start":{"line":22,"column":0},"end":{"line":22,"column":66}}},"fnMap":{"0":{"name":"makeConn","decl":{"start":{"line":2,"column":9},"end":{"line":2,"column":17}},"loc":{"start":{"line":2,"column":20},"end":{"line":10,"column":1}},"line":2},"1":{"name":"mockExecuteRows","decl":{"start":{"line":12,"column":9},"end":{"line":12,"column":24}},"loc":{"start":{"line":12,"column":37},"end":{"line":15,"column":1}},"line":12},"2":{"name":"mockExecuteResult","decl":{"start":{"line":17,"column":9},"end":{"line":17,"column":26}},"loc":{"start":{"line":17,"column":41},"end":{"line":20,"column":1}},"line":17}},"branchMap":{},"s":{"0":20,"1":12,"2":7,"3":4},"f":{"0":20,"1":12,"2":7},"b":{},"_coverageSchema":"1a1c01bbd47fc00a2c39e90264f33305004495a9","hash":"54201d1715e180cbf2c93d9b826ae3c5047c64aa"}
}
