TN:
SF:course_service\database\dao\contentDAO.js
FN:3,(anonymous_0)
FN:25,(anonymous_1)
FN:63,(anonymous_2)
FN:73,(anonymous_3)
FN:83,(anonymous_4)
FN:106,(anonymous_5)
FN:120,(anonymous_6)
FNF:7
FNH:4
FNDA:1,(anonymous_0)
FNDA:1,(anonymous_1)
FNDA:1,(anonymous_2)
FNDA:1,(anonymous_3)
FNDA:0,(anonymous_4)
FNDA:0,(anonymous_5)
FNDA:0,(anonymous_6)
DA:1,1
DA:3,1
DA:4,1
DA:5,1
DA:6,1
DA:7,1
DA:12,1
DA:14,1
DA:15,1
DA:17,0
DA:18,0
DA:19,0
DA:21,1
DA:25,1
DA:26,1
DA:27,1
DA:28,1
DA:29,1
DA:30,1
DA:32,1
DA:33,0
DA:34,0
DA:36,1
DA:37,0
DA:38,0
DA:40,1
DA:41,0
DA:42,0
DA:45,1
DA:46,1
DA:49,0
DA:51,0
DA:52,0
DA:54,0
DA:56,1
DA:57,1
DA:59,1
DA:63,1
DA:64,1
DA:65,1
DA:69,1
DA:70,1
DA:73,1
DA:74,1
DA:75,1
DA:79,1
DA:80,1
DA:83,1
DA:84,0
DA:86,0
DA:87,0
DA:96,0
DA:99,0
DA:100,0
DA:102,0
DA:106,1
DA:107,0
DA:109,0
DA:110,0
DA:120,0
DA:129,0
DA:132,0
DA:133,0
DA:135,0
DA:140,1
LF:65
LH:37
BRDA:32,0,0,0
BRDA:32,0,1,1
BRDA:36,1,0,0
BRDA:36,1,1,1
BRDA:40,2,0,0
BRDA:40,2,1,1
BRDA:45,3,0,1
BRDA:45,3,1,0
BRDA:126,4,0,0
BRDA:126,4,1,0
BRF:10
BRH:4
end_of_record
TN:
SF:course_service\database\dao\courseDAO.js
FN:4,(anonymous_0)
FN:10,(anonymous_1)
FN:41,(anonymous_2)
FN:56,(anonymous_3)
FN:71,(anonymous_4)
FN:98,(anonymous_5)
FN:143,(anonymous_6)
FN:154,(anonymous_7)
FN:186,(anonymous_8)
FN:203,(anonymous_9)
FN:217,(anonymous_10)
FN:231,(anonymous_11)
FN:253,(anonymous_12)
FN:273,(anonymous_13)
FN:313,(anonymous_14)
FN:341,(anonymous_15)
FN:354,(anonymous_16)
FN:388,(anonymous_17)
FNF:18
FNH:6
FNDA:0,(anonymous_0)
FNDA:1,(anonymous_1)
FNDA:4,(anonymous_2)
FNDA:0,(anonymous_3)
FNDA:0,(anonymous_4)
FNDA:2,(anonymous_5)
FNDA:3,(anonymous_6)
FNDA:0,(anonymous_7)
FNDA:0,(anonymous_8)
FNDA:0,(anonymous_9)
FNDA:0,(anonymous_10)
FNDA:0,(anonymous_11)
FNDA:0,(anonymous_12)
FNDA:1,(anonymous_13)
FNDA:3,(anonymous_14)
FNDA:0,(anonymous_15)
FNDA:0,(anonymous_16)
FNDA:0,(anonymous_17)
DA:1,1
DA:2,1
DA:4,1
DA:5,0
DA:6,0
DA:10,1
DA:11,1
DA:12,1
DA:13,1
DA:15,1
DA:29,1
DA:30,1
DA:32,0
DA:33,0
DA:34,0
DA:36,1
DA:41,1
DA:42,4
DA:43,4
DA:44,4
DA:49,4
DA:51,4
DA:56,1
DA:57,0
DA:58,0
DA:59,0
DA:64,0
DA:66,0
DA:71,1
DA:72,0
DA:73,0
DA:74,0
DA:87,0
DA:90,0
DA:98,1
DA:99,2
DA:100,2
DA:101,2
DA:102,2
DA:104,2
DA:106,2
DA:107,2
DA:109,2
DA:110,1
DA:111,1
DA:113,2
DA:114,1
DA:115,1
DA:117,2
DA:118,1
DA:119,1
DA:121,2
DA:122,0
DA:123,0
DA:126,2
DA:127,1
DA:130,1
DA:131,1
DA:133,1
DA:135,1
DA:137,1
DA:143,3
DA:146,0
DA:147,0
DA:149,2
DA:154,1
DA:155,0
DA:156,0
DA:157,0
DA:158,0
DA:160,0
DA:161,0
DA:164,0
DA:165,0
DA:168,0
DA:173,0
DA:181,0
DA:186,1
DA:187,0
DA:188,0
DA:189,0
DA:196,0
DA:198,0
DA:203,1
DA:204,0
DA:205,0
DA:206,0
DA:211,0
DA:213,0
DA:217,1
DA:218,0
DA:219,0
DA:220,0
DA:225,0
DA:227,0
DA:231,1
DA:232,0
DA:233,0
DA:234,0
DA:235,0
DA:237,0
DA:238,0
DA:241,0
DA:247,0
DA:249,0
DA:253,1
DA:254,0
DA:255,0
DA:256,0
DA:257,0
DA:260,0
DA:266,0
DA:268,0
DA:273,1
DA:274,1
DA:275,1
DA:276,1
DA:278,1
DA:279,1
DA:280,1
DA:282,1
DA:287,1
DA:288,1
DA:291,0
DA:296,0
DA:298,0
DA:304,0
DA:305,0
DA:306,0
DA:308,1
DA:313,1
DA:314,3
DA:315,3
DA:316,3
DA:321,3
DA:322,1
DA:325,2
DA:330,2
DA:336,3
DA:341,1
DA:342,0
DA:343,0
DA:344,0
DA:348,0
DA:350,0
DA:354,1
DA:355,0
DA:356,0
DA:357,0
DA:359,0
DA:360,0
DA:363,0
DA:364,0
DA:372,0
DA:377,0
DA:383,0
DA:388,1
DA:389,0
DA:390,0
DA:391,0
DA:396,0
DA:398,0
DA:403,1
LF:163
LH:76
BRDA:6,0,0,0
BRDA:6,0,1,0
BRDA:20,1,0,1
BRDA:20,1,1,0
BRDA:21,2,0,1
BRDA:21,2,1,0
BRDA:22,3,0,1
BRDA:22,3,1,0
BRDA:23,4,0,1
BRDA:23,4,1,0
BRDA:24,5,0,1
BRDA:24,5,1,0
BRDA:49,6,0,4
BRDA:49,6,1,0
BRDA:102,7,0,0
BRDA:102,7,1,2
BRDA:109,8,0,1
BRDA:109,8,1,1
BRDA:109,9,0,2
BRDA:109,9,1,1
BRDA:113,10,0,1
BRDA:113,10,1,1
BRDA:113,11,0,2
BRDA:113,11,1,1
BRDA:117,12,0,1
BRDA:117,12,1,1
BRDA:117,13,0,2
BRDA:117,13,1,1
BRDA:121,14,0,0
BRDA:121,14,1,2
BRDA:121,15,0,2
BRDA:121,15,1,0
BRDA:126,16,0,1
BRDA:126,16,1,1
BRDA:158,17,0,0
BRDA:158,17,1,0
BRDA:160,18,0,0
BRDA:160,18,1,0
BRDA:164,19,0,0
BRDA:164,19,1,0
BRDA:237,20,0,0
BRDA:237,20,1,0
BRDA:237,21,0,0
BRDA:237,21,1,0
BRDA:237,21,2,0
BRDA:237,21,3,0
BRDA:256,22,0,0
BRDA:256,22,1,0
BRDA:279,23,0,0
BRDA:279,23,1,1
BRDA:280,24,0,0
BRDA:280,24,1,1
BRDA:287,25,0,1
BRDA:287,25,1,0
BRDA:321,26,0,1
BRDA:321,26,1,2
BRDA:348,27,0,0
BRDA:348,27,1,0
BRDA:359,28,0,0
BRDA:359,28,1,0
BRDA:363,29,0,0
BRDA:363,29,1,0
BRDA:363,30,0,0
BRDA:363,30,1,0
BRDA:396,31,0,0
BRDA:396,31,1,0
BRF:66
BRH:28
end_of_record
TN:
SF:course_service\database\dao\courseInstructorDAO.js
FN:3,(anonymous_0)
FN:10,(anonymous_1)
FNF:2
FNH:2
FNDA:2,(anonymous_0)
FNDA:1,(anonymous_1)
DA:1,1
DA:3,1
DA:4,2
DA:5,2
DA:6,2
DA:10,1
DA:12,1
DA:13,1
DA:15,2
DA:19,1
LF:10
LH:10
BRF:0
BRH:0
end_of_record
TN:
SF:course_service\database\dao\courseStudentDAO.js
FN:3,(anonymous_0)
FN:21,(anonymous_1)
FN:37,(anonymous_2)
FN:44,(anonymous_3)
FNF:4
FNH:4
FNDA:1,(anonymous_0)
FNDA:1,(anonymous_1)
FNDA:1,(anonymous_2)
FNDA:2,(anonymous_3)
DA:1,1
DA:3,1
DA:4,1
DA:5,1
DA:6,1
DA:12,1
DA:14,0
DA:15,0
DA:17,1
DA:21,1
DA:22,1
DA:23,1
DA:24,1
DA:28,1
DA:30,0
DA:31,0
DA:33,1
DA:37,1
DA:38,1
DA:39,1
DA:40,1
DA:44,2
DA:46,0
DA:47,0
DA:49,1
DA:53,1
LF:26
LH:20
BRF:0
BRH:0
end_of_record
TN:
SF:quiz_service\database\dao\quizDAO.js
FN:3,(anonymous_0)
FN:8,(anonymous_1)
FN:57,(anonymous_2)
FN:116,(anonymous_3)
FN:159,(anonymous_4)
FN:175,(anonymous_5)
FN:192,(anonymous_6)
FN:210,(anonymous_7)
FN:228,(anonymous_8)
FN:262,(anonymous_9)
FN:307,(anonymous_10)
FN:333,(anonymous_11)
FN:349,(anonymous_12)
FN:373,(anonymous_13)
FN:391,(anonymous_14)
FN:406,(anonymous_15)
FN:451,(anonymous_16)
FNF:17
FNH:9
FNDA:2,(anonymous_0)
FNDA:2,(anonymous_1)
FNDA:1,(anonymous_2)
FNDA:1,(anonymous_3)
FNDA:0,(anonymous_4)
FNDA:0,(anonymous_5)
FNDA:0,(anonymous_6)
FNDA:0,(anonymous_7)
FNDA:0,(anonymous_8)
FNDA:1,(anonymous_9)
FNDA:1,(anonymous_10)
FNDA:0,(anonymous_11)
FNDA:1,(anonymous_12)
FNDA:2,(anonymous_13)
FNDA:1,(anonymous_14)
FNDA:0,(anonymous_15)
FNDA:0,(anonymous_16)
DA:1,1
DA:3,1
DA:4,2
DA:5,2
DA:6,2
DA:8,2
DA:9,2
DA:12,2
DA:25,2
DA:27,2
DA:28,2
DA:34,1
DA:36,1
DA:37,2
DA:45,1
DA:46,1
DA:49,1
DA:50,1
DA:51,1
DA:53,2
DA:57,1
DA:58,1
DA:59,1
DA:60,1
DA:62,1
DA:63,1
DA:64,1
DA:66,1
DA:67,1
DA:68,1
DA:70,1
DA:71,0
DA:72,0
DA:75,1
DA:76,1
DA:77,1
DA:78,1
DA:81,1
DA:82,1
DA:83,1
DA:84,1
DA:85,0
DA:91,1
DA:92,1
DA:93,1
DA:94,1
DA:105,1
DA:106,1
DA:108,0
DA:109,0
DA:110,0
DA:112,1
DA:116,1
DA:117,1
DA:118,1
DA:119,1
DA:126,1
DA:127,1
DA:129,1
DA:136,1
DA:137,2
DA:144,2
DA:147,1
DA:149,1
DA:152,0
DA:153,0
DA:155,1
DA:159,1
DA:160,0
DA:161,0
DA:162,0
DA:166,0
DA:168,0
DA:169,0
DA:171,0
DA:175,1
DA:176,0
DA:177,0
DA:178,0
DA:183,0
DA:185,0
DA:186,0
DA:188,0
DA:192,1
DA:193,0
DA:194,0
DA:195,0
DA:201,0
DA:203,0
DA:204,0
DA:206,0
DA:210,1
DA:211,0
DA:212,0
DA:213,0
DA:219,0
DA:221,0
DA:222,0
DA:224,0
DA:228,1
DA:229,0
DA:230,0
DA:231,0
DA:236,0
DA:237,0
DA:239,0
DA:244,0
DA:245,0
DA:249,0
DA:252,0
DA:253,0
DA:255,0
DA:256,0
DA:258,0
DA:262,1
DA:263,1
DA:264,1
DA:265,1
DA:269,1
DA:271,1
DA:275,1
DA:276,1
DA:278,1
DA:282,1
DA:284,1
DA:285,2
DA:289,2
DA:291,2
DA:298,1
DA:304,1
DA:305,1
DA:306,2
DA:307,1
DA:308,1
DA:312,1
DA:318,1
DA:323,1
DA:326,0
DA:327,0
DA:329,1
DA:333,1
DA:334,0
DA:335,0
DA:336,0
DA:341,0
DA:343,0
DA:345,0
DA:349,1
DA:350,1
DA:351,1
DA:352,1
DA:355,1
DA:356,1
DA:358,1
DA:372,1
DA:373,1
DA:374,2
DA:375,1
DA:384,2
DA:391,1
DA:393,1
DA:402,1
DA:406,1
DA:407,0
DA:408,0
DA:409,0
DA:416,0
DA:417,0
DA:419,0
DA:426,0
DA:427,0
DA:434,0
DA:437,0
DA:439,0
DA:442,0
DA:443,0
DA:445,0
DA:451,1
DA:452,0
DA:453,0
DA:454,0
DA:462,0
DA:465,0
DA:466,0
DA:468,0
DA:473,1
LF:186
LH:107
BRDA:9,0,0,2
BRDA:9,0,1,0
BRDA:17,1,0,2
BRDA:17,1,1,0
BRDA:21,2,0,2
BRDA:21,2,1,0
BRDA:31,3,0,2
BRDA:31,3,1,0
BRDA:40,4,0,1
BRDA:40,4,1,1
BRDA:66,5,0,1
BRDA:66,5,1,0
BRDA:70,6,0,0
BRDA:70,6,1,1
BRDA:75,7,0,1
BRDA:75,7,1,0
BRDA:81,8,0,1
BRDA:81,8,1,0
BRDA:81,9,0,1
BRDA:81,9,1,1
BRDA:83,10,0,1
BRDA:83,10,1,0
BRDA:84,11,0,0
BRDA:84,11,1,1
BRDA:91,12,0,1
BRDA:91,12,1,0
BRDA:91,13,0,1
BRDA:91,13,1,1
BRDA:93,14,0,1
BRDA:93,14,1,0
BRDA:96,15,0,1
BRDA:96,15,1,0
BRDA:126,16,0,0
BRDA:126,16,1,1
BRDA:236,17,0,0
BRDA:236,17,1,0
BRDA:269,18,0,0
BRDA:269,18,1,1
BRDA:276,19,0,0
BRDA:276,19,1,1
BRDA:289,20,0,1
BRDA:289,20,1,1
BRDA:306,21,0,1
BRDA:306,21,1,1
BRDA:308,22,0,1
BRDA:308,22,1,0
BRDA:355,23,0,0
BRDA:355,23,1,1
BRDA:374,24,0,1
BRDA:374,24,1,1
BRDA:416,25,0,0
BRDA:416,25,1,0
BRF:52
BRH:30
end_of_record
TN:
SF:quiz_service\database\dao\reportDAO.js
FN:10,fetchStudentInfo
FN:22,fetchCourseInfo
FN:34,fetchQuizzesByCourse
FN:47,fetchStudentQuizResults
FNF:4
FNH:4
FNDA:1,fetchStudentInfo
FNDA:1,fetchCourseInfo
FNDA:1,fetchQuizzesByCourse
FNDA:2,fetchStudentQuizResults
DA:1,1
DA:2,1
DA:3,1
DA:5,1
DA:11,1
DA:12,1
DA:13,1
DA:14,1
DA:16,0
DA:17,0
DA:18,0
DA:23,1
DA:24,1
DA:25,1
DA:26,0
DA:28,1
DA:29,1
DA:30,1
DA:35,1
DA:36,1
DA:37,1
DA:41,1
DA:43,1
DA:48,2
DA:49,2
DA:50,2
DA:57,2
DA:59,1
DA:61,1
DA:62,1
DA:71,1
DA:72,1
DA:73,1
DA:74,1
DA:76,1
DA:77,1
DA:78,1
DA:79,1
DA:81,1
DA:99,1
DA:100,1
DA:101,2
DA:102,1
DA:111,2
DA:118,1
DA:121,1
DA:132,1
DA:135,2
DA:139,1
LF:49
LH:45
BRDA:18,0,0,0
BRDA:18,0,1,0
BRDA:18,0,2,0
BRDA:30,1,0,1
BRDA:30,1,1,0
BRDA:30,1,2,0
BRDA:57,2,0,1
BRDA:57,2,1,1
BRDA:76,3,0,1
BRDA:76,3,1,0
BRDA:79,4,0,1
BRDA:79,4,1,0
BRDA:101,5,0,1
BRDA:101,5,1,1
BRDA:108,6,0,1
BRDA:108,6,1,0
BRDA:127,7,0,1
BRDA:127,7,1,0
BRF:18
BRH:9
end_of_record
TN:
SF:quiz_service\database\dao\scoreDAO.js
FN:3,(anonymous_0)
FNF:1
FNH:1
FNDA:2,(anonymous_0)
DA:1,1
DA:3,1
DA:4,2
DA:5,2
DA:6,2
DA:18,2
DA:19,1
DA:22,1
DA:24,1
DA:40,1
DA:46,1
DA:47,1
DA:49,2
DA:53,1
LF:14
LH:14
BRDA:18,0,0,1
BRDA:18,0,1,1
BRF:2
BRH:2
end_of_record
TN:
SF:quiz_service\tests\mocks\db.js
FN:3,(anonymous_0)
FN:14,(anonymous_1)
FN:21,(anonymous_2)
FNF:3
FNH:3
FNDA:11,(anonymous_0)
FNDA:20,(anonymous_1)
FNDA:12,(anonymous_2)
DA:3,11
DA:14,3
DA:15,20
DA:21,3
DA:22,12
DA:25,3
LF:6
LH:6
BRF:0
BRH:0
end_of_record
TN:
SF:tests\mocks\db.js
FN:2,makeConn
FN:12,mockExecuteRows
FN:17,mockExecuteResult
FNF:3
FNH:3
FNDA:20,makeConn
FNDA:12,mockExecuteRows
FNDA:7,mockExecuteResult
DA:3,20
DA:14,12
DA:19,7
DA:22,4
LF:4
LH:4
BRF:0
BRH:0
end_of_record
